2021-02-07 18:55:27.757 INFO [restartedMain] [pl.paweln.mjspringwebapp.DemoSpringWebAppApplication] [logStarting] [org.springframework.boot.StartupInfoLogger.logStarting(StartupInfoLogger.java:55)] - Starting DemoSpringWebAppApplication using Java 11.0.9.1 on nbniedziela with PID 3576 (C:\Users\pawel\idea\mj-spring-web-app\mj-spring-web\target\classes started by pawel in C:\Users\pawel\idea\mj-spring-web-app)
2021-02-07 18:55:27.860 INFO [restartedMain] [pl.paweln.mjspringwebapp.DemoSpringWebAppApplication] [logStartupProfileInfo] [org.springframework.boot.SpringApplication.logStartupProfileInfo(SpringApplication.java:664)] - The following profiles are active: jpa
2021-02-07 18:55:27.999 INFO [restartedMain] [org.springframework.boot.devtools.env.DevToolsPropertyDefaultsPostProcessor] [logTo] [org.springframework.boot.logging.DeferredLog.logTo(DeferredLog.java:255)] - Devtools property defaults active! Set 'spring.devtools.add-properties' to 'false' to disable
2021-02-07 18:55:28.000 INFO [restartedMain] [org.springframework.boot.devtools.env.DevToolsPropertyDefaultsPostProcessor] [logTo] [org.springframework.boot.logging.DeferredLog.logTo(DeferredLog.java:255)] - For additional web related logging consider setting the 'logging.level.web' property to 'DEBUG'
2021-02-07 18:55:34.102 INFO [restartedMain] [org.springframework.data.repository.config.RepositoryConfigurationDelegate] [registerRepositoriesIn] [org.springframework.data.repository.config.RepositoryConfigurationDelegate.registerRepositoriesIn(RepositoryConfigurationDelegate.java:128)] - Bootstrapping Spring Data JPA repositories in DEFAULT mode.
2021-02-07 18:55:36.093 INFO [restartedMain] [org.springframework.data.repository.config.RepositoryConfigurationDelegate] [registerRepositoriesIn] [org.springframework.data.repository.config.RepositoryConfigurationDelegate.registerRepositoriesIn(RepositoryConfigurationDelegate.java:188)] - Finished Spring Data repository scanning in 1968 ms. Found 6 JPA repository interfaces.
2021-02-07 18:55:43.730 INFO [restartedMain] [org.springframework.boot.web.embedded.tomcat.TomcatWebServer] [initialize] [org.springframework.boot.web.embedded.tomcat.TomcatWebServer.initialize(TomcatWebServer.java:108)] - Tomcat initialized with port(s): 8080 (http)
2021-02-07 18:55:46.496 INFO [restartedMain] [org.springframework.boot.web.servlet.context.ServletWebServerApplicationContext] [prepareWebApplicationContext] [org.springframework.boot.web.servlet.context.ServletWebServerApplicationContext.prepareWebApplicationContext(ServletWebServerApplicationContext.java:289)] - Root WebApplicationContext: initialization completed in 18493 ms
2021-02-07 18:55:47.046 INFO [restartedMain] [com.zaxxer.hikari.HikariDataSource] [getConnection] [com.zaxxer.hikari.HikariDataSource.getConnection(HikariDataSource.java:110)] - HikariPool-1 - Starting...
2021-02-07 18:55:47.921 INFO [restartedMain] [com.zaxxer.hikari.HikariDataSource] [getConnection] [com.zaxxer.hikari.HikariDataSource.getConnection(HikariDataSource.java:123)] - HikariPool-1 - Start completed.
2021-02-07 18:55:47.943 INFO [restartedMain] [org.springframework.boot.autoconfigure.h2.H2ConsoleAutoConfiguration] [lambda$h2Console$0] [org.springframework.boot.autoconfigure.h2.H2ConsoleAutoConfiguration.lambda$h2Console$0(H2ConsoleAutoConfiguration.java:68)] - H2 console available at '/h2-console'. Database available at 'jdbc:h2:mem:testdb'
2021-02-07 18:55:49.080 INFO [restartedMain] [org.hibernate.jpa.internal.util.LogHelper] [logPersistenceUnitInformation] [org.hibernate.jpa.internal.util.LogHelper.logPersistenceUnitInformation(LogHelper.java:31)] - HHH000204: Processing PersistenceUnitInfo [name: default]
2021-02-07 18:55:49.327 INFO [restartedMain] [org.hibernate.Version] [logVersion] [org.hibernate.Version.logVersion(Version.java:44)] - HHH000412: Hibernate ORM core version 5.4.25.Final
2021-02-07 18:55:49.955 INFO [restartedMain] [org.hibernate.annotations.common.Version] [<clinit>] [org.hibernate.annotations.common.reflection.java.JavaReflectionManager.<clinit>(JavaReflectionManager.java:56)] - HCANN000001: Hibernate Commons Annotations {5.1.2.Final}
2021-02-07 18:55:50.362 INFO [restartedMain] [org.hibernate.dialect.Dialect] [<init>] [org.hibernate.dialect.Dialect.<init>(Dialect.java:175)] - HHH000400: Using dialect: org.hibernate.dialect.H2Dialect
2021-02-07 18:55:52.330 INFO [restartedMain] [org.hibernate.engine.transaction.jta.platform.internal.JtaPlatformInitiator] [initiateService] [org.hibernate.engine.transaction.jta.platform.internal.JtaPlatformInitiator.initiateService(JtaPlatformInitiator.java:52)] - HHH000490: Using JtaPlatform implementation: [org.hibernate.engine.transaction.jta.platform.internal.NoJtaPlatform]
2021-02-07 18:55:52.346 INFO [restartedMain] [org.springframework.orm.jpa.LocalContainerEntityManagerFactoryBean] [buildNativeEntityManagerFactory] [org.springframework.orm.jpa.AbstractEntityManagerFactoryBean.buildNativeEntityManagerFactory(AbstractEntityManagerFactoryBean.java:437)] - Initialized JPA EntityManagerFactory for persistence unit 'default'
2021-02-07 18:55:52.408 INFO [restartedMain] [org.springframework.boot.devtools.autoconfigure.OptionalLiveReloadServer] [startServer] [org.springframework.boot.devtools.autoconfigure.OptionalLiveReloadServer.startServer(OptionalLiveReloadServer.java:58)] - LiveReload server is running on port 35729
2021-02-07 18:55:53.883 WARN [restartedMain] [org.springframework.boot.autoconfigure.orm.jpa.JpaBaseConfiguration$JpaWebConfiguration] [openEntityManagerInViewInterceptor] [org.springframework.boot.autoconfigure.orm.jpa.JpaBaseConfiguration$JpaWebConfiguration.openEntityManagerInViewInterceptor(JpaBaseConfiguration.java:221)] - spring.jpa.open-in-view is enabled by default. Therefore, database queries may be performed during view rendering. Explicitly configure spring.jpa.open-in-view to disable this warning
2021-02-07 18:55:54.246 INFO [restartedMain] [org.springframework.scheduling.concurrent.ThreadPoolTaskExecutor] [initialize] [org.springframework.scheduling.concurrent.ExecutorConfigurationSupport.initialize(ExecutorConfigurationSupport.java:181)] - Initializing ExecutorService 'applicationTaskExecutor'
2021-02-07 18:55:54.480 INFO [restartedMain] [org.springframework.boot.autoconfigure.web.servlet.WelcomePageHandlerMapping] [<init>] [org.springframework.boot.autoconfigure.web.servlet.WelcomePageHandlerMapping.<init>(WelcomePageHandlerMapping.java:58)] - Adding welcome page template: index
2021-02-07 18:55:59.172 INFO [restartedMain] [org.springframework.boot.actuate.endpoint.web.EndpointLinksResolver] [<init>] [org.springframework.boot.actuate.endpoint.web.EndpointLinksResolver.<init>(EndpointLinksResolver.java:58)] - Exposing 2 endpoint(s) beneath base path '/actuator'
2021-02-07 18:55:59.328 INFO [restartedMain] [org.springframework.boot.web.embedded.tomcat.TomcatWebServer] [start] [org.springframework.boot.web.embedded.tomcat.TomcatWebServer.start(TomcatWebServer.java:220)] - Tomcat started on port(s): 8080 (http) with context path ''
2021-02-07 18:55:59.891 INFO [restartedMain] [pl.paweln.mjspringwebapp.DemoSpringWebAppApplication] [logStarted] [org.springframework.boot.StartupInfoLogger.logStarted(StartupInfoLogger.java:61)] - Started DemoSpringWebAppApplication in 33.261 seconds (JVM running for 39.067)
2021-02-07 18:56:03.802 INFO [http-nio-8080-exec-10] [org.springframework.web.servlet.DispatcherServlet] [initServletBean] [org.springframework.web.servlet.FrameworkServlet.initServletBean(FrameworkServlet.java:525)] - Initializing Servlet 'dispatcherServlet'
2021-02-07 18:56:03.805 INFO [http-nio-8080-exec-10] [org.springframework.web.servlet.DispatcherServlet] [initServletBean] [org.springframework.web.servlet.FrameworkServlet.initServletBean(FrameworkServlet.java:547)] - Completed initialization in 2 ms
2021-02-07 18:56:04.034 INFO [http-nio-8080-exec-10] [pl.paweln.mjspringwebapp.controllers.RecipeController] [getRecipes] [pl.paweln.mjspringwebapp.controllers.RecipeController.getRecipes(RecipeController.java:26)] - Returning recipes: 2
2021-02-07 19:01:57.712 INFO [http-nio-8080-exec-10] [pl.paweln.mjspringwebapp.controllers.RecipeController] [getRecipes] [pl.paweln.mjspringwebapp.controllers.RecipeController.getRecipes(RecipeController.java:26)] - Returning recipes: 2
2021-02-07 19:02:00.963 INFO [http-nio-8080-exec-1] [pl.paweln.mjspringwebapp.controllers.RecipeController] [getRecipes] [pl.paweln.mjspringwebapp.controllers.RecipeController.getRecipes(RecipeController.java:26)] - Returning recipes: 2
2021-02-07 19:05:09.833 INFO [SpringContextShutdownHook] [org.springframework.scheduling.concurrent.ThreadPoolTaskExecutor] [shutdown] [org.springframework.scheduling.concurrent.ExecutorConfigurationSupport.shutdown(ExecutorConfigurationSupport.java:218)] - Shutting down ExecutorService 'applicationTaskExecutor'
2021-02-07 19:05:09.848 INFO [SpringContextShutdownHook] [org.springframework.orm.jpa.LocalContainerEntityManagerFactoryBean] [destroy] [org.springframework.orm.jpa.AbstractEntityManagerFactoryBean.destroy(AbstractEntityManagerFactoryBean.java:651)] - Closing JPA EntityManagerFactory for persistence unit 'default'
2021-02-07 19:05:10.083 WARN [SpringContextShutdownHook] [org.springframework.beans.factory.support.DisposableBeanAdapter] [destroy] [org.springframework.beans.factory.support.DisposableBeanAdapter.destroy(DisposableBeanAdapter.java:267)] - Invocation of destroy method failed on bean with name 'inMemoryDatabaseShutdownExecutor': org.h2.jdbc.JdbcSQLNonTransientConnectionException: Baza danych jest już zamknięta (aby zablokować samoczynne zamykanie podczas zamknięcia VM dodaj ";DB_CLOSE_ON_EXIT=FALSE" do URL bazy danych)
Database is already closed (to disable automatic closing at VM shutdown, add ";DB_CLOSE_ON_EXIT=FALSE" to the db URL) [90121-200]
2021-02-07 19:05:10.083 INFO [SpringContextShutdownHook] [com.zaxxer.hikari.HikariDataSource] [close] [com.zaxxer.hikari.HikariDataSource.close(HikariDataSource.java:350)] - HikariPool-1 - Shutdown initiated...
2021-02-07 19:05:10.145 INFO [SpringContextShutdownHook] [com.zaxxer.hikari.HikariDataSource] [close] [com.zaxxer.hikari.HikariDataSource.close(HikariDataSource.java:352)] - HikariPool-1 - Shutdown completed.
2021-02-07 19:05:44.044 INFO [restartedMain] [pl.paweln.mjspringwebapp.DemoSpringWebAppApplication] [logStarting] [org.springframework.boot.StartupInfoLogger.logStarting(StartupInfoLogger.java:55)] - Starting DemoSpringWebAppApplication using Java 11.0.9.1 on nbniedziela with PID 20896 (C:\Users\pawel\idea\mj-spring-web-app\mj-spring-web\target\classes started by pawel in C:\Users\pawel\idea\mj-spring-web-app)
2021-02-07 19:05:44.075 INFO [restartedMain] [pl.paweln.mjspringwebapp.DemoSpringWebAppApplication] [logStartupProfileInfo] [org.springframework.boot.SpringApplication.logStartupProfileInfo(SpringApplication.java:664)] - The following profiles are active: jpa
2021-02-07 19:05:44.185 INFO [restartedMain] [org.springframework.boot.devtools.env.DevToolsPropertyDefaultsPostProcessor] [logTo] [org.springframework.boot.logging.DeferredLog.logTo(DeferredLog.java:255)] - Devtools property defaults active! Set 'spring.devtools.add-properties' to 'false' to disable
2021-02-07 19:05:44.185 INFO [restartedMain] [org.springframework.boot.devtools.env.DevToolsPropertyDefaultsPostProcessor] [logTo] [org.springframework.boot.logging.DeferredLog.logTo(DeferredLog.java:255)] - For additional web related logging consider setting the 'logging.level.web' property to 'DEBUG'
2021-02-07 19:05:47.078 INFO [restartedMain] [org.springframework.data.repository.config.RepositoryConfigurationDelegate] [registerRepositoriesIn] [org.springframework.data.repository.config.RepositoryConfigurationDelegate.registerRepositoriesIn(RepositoryConfigurationDelegate.java:128)] - Bootstrapping Spring Data JPA repositories in DEFAULT mode.
2021-02-07 19:05:47.696 INFO [restartedMain] [org.springframework.data.repository.config.RepositoryConfigurationDelegate] [registerRepositoriesIn] [org.springframework.data.repository.config.RepositoryConfigurationDelegate.registerRepositoriesIn(RepositoryConfigurationDelegate.java:188)] - Finished Spring Data repository scanning in 614 ms. Found 6 JPA repository interfaces.
2021-02-07 19:05:49.528 INFO [restartedMain] [org.springframework.boot.web.embedded.tomcat.TomcatWebServer] [initialize] [org.springframework.boot.web.embedded.tomcat.TomcatWebServer.initialize(TomcatWebServer.java:108)] - Tomcat initialized with port(s): 8080 (http)
2021-02-07 19:05:50.418 INFO [restartedMain] [org.springframework.boot.web.servlet.context.ServletWebServerApplicationContext] [prepareWebApplicationContext] [org.springframework.boot.web.servlet.context.ServletWebServerApplicationContext.prepareWebApplicationContext(ServletWebServerApplicationContext.java:289)] - Root WebApplicationContext: initialization completed in 6233 ms
2021-02-07 19:05:50.685 INFO [restartedMain] [com.zaxxer.hikari.HikariDataSource] [getConnection] [com.zaxxer.hikari.HikariDataSource.getConnection(HikariDataSource.java:110)] - HikariPool-1 - Starting...
2021-02-07 19:05:51.083 INFO [restartedMain] [com.zaxxer.hikari.HikariDataSource] [getConnection] [com.zaxxer.hikari.HikariDataSource.getConnection(HikariDataSource.java:123)] - HikariPool-1 - Start completed.
2021-02-07 19:05:51.095 INFO [restartedMain] [org.springframework.boot.autoconfigure.h2.H2ConsoleAutoConfiguration] [lambda$h2Console$0] [org.springframework.boot.autoconfigure.h2.H2ConsoleAutoConfiguration.lambda$h2Console$0(H2ConsoleAutoConfiguration.java:68)] - H2 console available at '/h2-console'. Database available at 'jdbc:h2:mem:testdb'
2021-02-07 19:05:51.736 INFO [restartedMain] [org.hibernate.jpa.internal.util.LogHelper] [logPersistenceUnitInformation] [org.hibernate.jpa.internal.util.LogHelper.logPersistenceUnitInformation(LogHelper.java:31)] - HHH000204: Processing PersistenceUnitInfo [name: default]
2021-02-07 19:05:51.836 INFO [restartedMain] [org.hibernate.Version] [logVersion] [org.hibernate.Version.logVersion(Version.java:44)] - HHH000412: Hibernate ORM core version 5.4.25.Final
2021-02-07 19:05:52.138 INFO [restartedMain] [org.hibernate.annotations.common.Version] [<clinit>] [org.hibernate.annotations.common.reflection.java.JavaReflectionManager.<clinit>(JavaReflectionManager.java:56)] - HCANN000001: Hibernate Commons Annotations {5.1.2.Final}
2021-02-07 19:05:52.435 INFO [restartedMain] [org.hibernate.dialect.Dialect] [<init>] [org.hibernate.dialect.Dialect.<init>(Dialect.java:175)] - HHH000400: Using dialect: org.hibernate.dialect.H2Dialect
2021-02-07 19:05:54.363 INFO [restartedMain] [org.hibernate.engine.transaction.jta.platform.internal.JtaPlatformInitiator] [initiateService] [org.hibernate.engine.transaction.jta.platform.internal.JtaPlatformInitiator.initiateService(JtaPlatformInitiator.java:52)] - HHH000490: Using JtaPlatform implementation: [org.hibernate.engine.transaction.jta.platform.internal.NoJtaPlatform]
2021-02-07 19:05:54.379 INFO [restartedMain] [org.springframework.orm.jpa.LocalContainerEntityManagerFactoryBean] [buildNativeEntityManagerFactory] [org.springframework.orm.jpa.AbstractEntityManagerFactoryBean.buildNativeEntityManagerFactory(AbstractEntityManagerFactoryBean.java:437)] - Initialized JPA EntityManagerFactory for persistence unit 'default'
2021-02-07 19:05:54.410 INFO [restartedMain] [org.springframework.boot.devtools.autoconfigure.OptionalLiveReloadServer] [startServer] [org.springframework.boot.devtools.autoconfigure.OptionalLiveReloadServer.startServer(OptionalLiveReloadServer.java:58)] - LiveReload server is running on port 35729
2021-02-07 19:05:55.312 WARN [restartedMain] [org.springframework.boot.autoconfigure.orm.jpa.JpaBaseConfiguration$JpaWebConfiguration] [openEntityManagerInViewInterceptor] [org.springframework.boot.autoconfigure.orm.jpa.JpaBaseConfiguration$JpaWebConfiguration.openEntityManagerInViewInterceptor(JpaBaseConfiguration.java:221)] - spring.jpa.open-in-view is enabled by default. Therefore, database queries may be performed during view rendering. Explicitly configure spring.jpa.open-in-view to disable this warning
2021-02-07 19:05:55.538 INFO [restartedMain] [org.springframework.scheduling.concurrent.ThreadPoolTaskExecutor] [initialize] [org.springframework.scheduling.concurrent.ExecutorConfigurationSupport.initialize(ExecutorConfigurationSupport.java:181)] - Initializing ExecutorService 'applicationTaskExecutor'
2021-02-07 19:05:55.861 INFO [restartedMain] [org.springframework.boot.autoconfigure.web.servlet.WelcomePageHandlerMapping] [<init>] [org.springframework.boot.autoconfigure.web.servlet.WelcomePageHandlerMapping.<init>(WelcomePageHandlerMapping.java:58)] - Adding welcome page template: index
2021-02-07 19:05:59.206 INFO [restartedMain] [org.springframework.boot.actuate.endpoint.web.EndpointLinksResolver] [<init>] [org.springframework.boot.actuate.endpoint.web.EndpointLinksResolver.<init>(EndpointLinksResolver.java:58)] - Exposing 2 endpoint(s) beneath base path '/actuator'
2021-02-07 19:05:59.331 INFO [restartedMain] [org.springframework.boot.web.embedded.tomcat.TomcatWebServer] [start] [org.springframework.boot.web.embedded.tomcat.TomcatWebServer.start(TomcatWebServer.java:220)] - Tomcat started on port(s): 8080 (http) with context path ''
2021-02-07 19:05:59.789 INFO [restartedMain] [pl.paweln.mjspringwebapp.DemoSpringWebAppApplication] [logStarted] [org.springframework.boot.StartupInfoLogger.logStarted(StartupInfoLogger.java:61)] - Started DemoSpringWebAppApplication in 16.73 seconds (JVM running for 24.888)
2021-02-07 19:06:06.233 INFO [http-nio-8080-exec-1] [org.springframework.web.servlet.DispatcherServlet] [initServletBean] [org.springframework.web.servlet.FrameworkServlet.initServletBean(FrameworkServlet.java:525)] - Initializing Servlet 'dispatcherServlet'
2021-02-07 19:06:06.235 INFO [http-nio-8080-exec-1] [org.springframework.web.servlet.DispatcherServlet] [initServletBean] [org.springframework.web.servlet.FrameworkServlet.initServletBean(FrameworkServlet.java:547)] - Completed initialization in 1 ms
2021-02-07 19:06:06.339 INFO [http-nio-8080-exec-1] [pl.paweln.mjspringwebapp.controllers.RecipeController] [getRecipes] [pl.paweln.mjspringwebapp.controllers.RecipeController.getRecipes(RecipeController.java:26)] - Returning recipes: 2
2021-02-07 21:23:30.917 INFO [SpringContextShutdownHook] [org.springframework.scheduling.concurrent.ThreadPoolTaskExecutor] [shutdown] [org.springframework.scheduling.concurrent.ExecutorConfigurationSupport.shutdown(ExecutorConfigurationSupport.java:218)] - Shutting down ExecutorService 'applicationTaskExecutor'
2021-02-07 21:23:30.924 INFO [SpringContextShutdownHook] [org.springframework.orm.jpa.LocalContainerEntityManagerFactoryBean] [destroy] [org.springframework.orm.jpa.AbstractEntityManagerFactoryBean.destroy(AbstractEntityManagerFactoryBean.java:651)] - Closing JPA EntityManagerFactory for persistence unit 'default'
2021-02-07 21:23:31.176 WARN [SpringContextShutdownHook] [org.springframework.beans.factory.support.DisposableBeanAdapter] [destroy] [org.springframework.beans.factory.support.DisposableBeanAdapter.destroy(DisposableBeanAdapter.java:267)] - Invocation of destroy method failed on bean with name 'inMemoryDatabaseShutdownExecutor': org.h2.jdbc.JdbcSQLNonTransientConnectionException: Baza danych jest już zamknięta (aby zablokować samoczynne zamykanie podczas zamknięcia VM dodaj ";DB_CLOSE_ON_EXIT=FALSE" do URL bazy danych)
Database is already closed (to disable automatic closing at VM shutdown, add ";DB_CLOSE_ON_EXIT=FALSE" to the db URL) [90121-200]
2021-02-07 21:23:31.179 INFO [SpringContextShutdownHook] [com.zaxxer.hikari.HikariDataSource] [close] [com.zaxxer.hikari.HikariDataSource.close(HikariDataSource.java:350)] - HikariPool-1 - Shutdown initiated...
2021-02-07 21:23:31.193 INFO [SpringContextShutdownHook] [com.zaxxer.hikari.HikariDataSource] [close] [com.zaxxer.hikari.HikariDataSource.close(HikariDataSource.java:352)] - HikariPool-1 - Shutdown completed.
2021-02-07 21:24:05.184 INFO [restartedMain] [pl.paweln.mjspringwebapp.DemoSpringWebAppApplication] [logStarting] [org.springframework.boot.StartupInfoLogger.logStarting(StartupInfoLogger.java:55)] - Starting DemoSpringWebAppApplication using Java 11.0.9.1 on nbniedziela with PID 2908 (C:\Users\pawel\idea\mj-spring-web-app\mj-spring-web\target\classes started by pawel in C:\Users\pawel\idea\mj-spring-web-app)
2021-02-07 21:24:05.230 INFO [restartedMain] [pl.paweln.mjspringwebapp.DemoSpringWebAppApplication] [logStartupProfileInfo] [org.springframework.boot.SpringApplication.logStartupProfileInfo(SpringApplication.java:664)] - The following profiles are active: jpa
2021-02-07 21:24:05.450 INFO [restartedMain] [org.springframework.boot.devtools.env.DevToolsPropertyDefaultsPostProcessor] [logTo] [org.springframework.boot.logging.DeferredLog.logTo(DeferredLog.java:255)] - Devtools property defaults active! Set 'spring.devtools.add-properties' to 'false' to disable
2021-02-07 21:24:05.455 INFO [restartedMain] [org.springframework.boot.devtools.env.DevToolsPropertyDefaultsPostProcessor] [logTo] [org.springframework.boot.logging.DeferredLog.logTo(DeferredLog.java:255)] - For additional web related logging consider setting the 'logging.level.web' property to 'DEBUG'
2021-02-07 21:24:10.499 INFO [restartedMain] [org.springframework.data.repository.config.RepositoryConfigurationDelegate] [registerRepositoriesIn] [org.springframework.data.repository.config.RepositoryConfigurationDelegate.registerRepositoriesIn(RepositoryConfigurationDelegate.java:128)] - Bootstrapping Spring Data JPA repositories in DEFAULT mode.
2021-02-07 21:24:11.269 INFO [restartedMain] [org.springframework.data.repository.config.RepositoryConfigurationDelegate] [registerRepositoriesIn] [org.springframework.data.repository.config.RepositoryConfigurationDelegate.registerRepositoriesIn(RepositoryConfigurationDelegate.java:188)] - Finished Spring Data repository scanning in 765 ms. Found 6 JPA repository interfaces.
2021-02-07 21:24:13.599 INFO [restartedMain] [org.springframework.boot.web.embedded.tomcat.TomcatWebServer] [initialize] [org.springframework.boot.web.embedded.tomcat.TomcatWebServer.initialize(TomcatWebServer.java:108)] - Tomcat initialized with port(s): 8080 (http)
2021-02-07 21:24:14.667 INFO [restartedMain] [org.springframework.boot.web.servlet.context.ServletWebServerApplicationContext] [prepareWebApplicationContext] [org.springframework.boot.web.servlet.context.ServletWebServerApplicationContext.prepareWebApplicationContext(ServletWebServerApplicationContext.java:289)] - Root WebApplicationContext: initialization completed in 9202 ms
2021-02-07 21:24:14.927 INFO [restartedMain] [com.zaxxer.hikari.HikariDataSource] [getConnection] [com.zaxxer.hikari.HikariDataSource.getConnection(HikariDataSource.java:110)] - HikariPool-1 - Starting...
2021-02-07 21:24:15.295 INFO [restartedMain] [com.zaxxer.hikari.HikariDataSource] [getConnection] [com.zaxxer.hikari.HikariDataSource.getConnection(HikariDataSource.java:123)] - HikariPool-1 - Start completed.
2021-02-07 21:24:15.305 INFO [restartedMain] [org.springframework.boot.autoconfigure.h2.H2ConsoleAutoConfiguration] [lambda$h2Console$0] [org.springframework.boot.autoconfigure.h2.H2ConsoleAutoConfiguration.lambda$h2Console$0(H2ConsoleAutoConfiguration.java:68)] - H2 console available at '/h2-console'. Database available at 'jdbc:h2:mem:testdb'
2021-02-07 21:24:15.921 INFO [restartedMain] [org.hibernate.jpa.internal.util.LogHelper] [logPersistenceUnitInformation] [org.hibernate.jpa.internal.util.LogHelper.logPersistenceUnitInformation(LogHelper.java:31)] - HHH000204: Processing PersistenceUnitInfo [name: default]
2021-02-07 21:24:16.024 INFO [restartedMain] [org.hibernate.Version] [logVersion] [org.hibernate.Version.logVersion(Version.java:44)] - HHH000412: Hibernate ORM core version 5.4.25.Final
2021-02-07 21:24:16.299 INFO [restartedMain] [org.hibernate.annotations.common.Version] [<clinit>] [org.hibernate.annotations.common.reflection.java.JavaReflectionManager.<clinit>(JavaReflectionManager.java:56)] - HCANN000001: Hibernate Commons Annotations {5.1.2.Final}
2021-02-07 21:24:16.565 INFO [restartedMain] [org.hibernate.dialect.Dialect] [<init>] [org.hibernate.dialect.Dialect.<init>(Dialect.java:175)] - HHH000400: Using dialect: org.hibernate.dialect.H2Dialect
2021-02-07 21:24:18.186 INFO [restartedMain] [org.hibernate.engine.transaction.jta.platform.internal.JtaPlatformInitiator] [initiateService] [org.hibernate.engine.transaction.jta.platform.internal.JtaPlatformInitiator.initiateService(JtaPlatformInitiator.java:52)] - HHH000490: Using JtaPlatform implementation: [org.hibernate.engine.transaction.jta.platform.internal.NoJtaPlatform]
2021-02-07 21:24:18.202 INFO [restartedMain] [org.springframework.orm.jpa.LocalContainerEntityManagerFactoryBean] [buildNativeEntityManagerFactory] [org.springframework.orm.jpa.AbstractEntityManagerFactoryBean.buildNativeEntityManagerFactory(AbstractEntityManagerFactoryBean.java:437)] - Initialized JPA EntityManagerFactory for persistence unit 'default'
2021-02-07 21:24:18.317 INFO [restartedMain] [org.springframework.boot.devtools.autoconfigure.OptionalLiveReloadServer] [startServer] [org.springframework.boot.devtools.autoconfigure.OptionalLiveReloadServer.startServer(OptionalLiveReloadServer.java:58)] - LiveReload server is running on port 35729
2021-02-07 21:24:20.307 WARN [restartedMain] [org.springframework.boot.autoconfigure.orm.jpa.JpaBaseConfiguration$JpaWebConfiguration] [openEntityManagerInViewInterceptor] [org.springframework.boot.autoconfigure.orm.jpa.JpaBaseConfiguration$JpaWebConfiguration.openEntityManagerInViewInterceptor(JpaBaseConfiguration.java:221)] - spring.jpa.open-in-view is enabled by default. Therefore, database queries may be performed during view rendering. Explicitly configure spring.jpa.open-in-view to disable this warning
2021-02-07 21:24:20.744 INFO [restartedMain] [org.springframework.scheduling.concurrent.ThreadPoolTaskExecutor] [initialize] [org.springframework.scheduling.concurrent.ExecutorConfigurationSupport.initialize(ExecutorConfigurationSupport.java:181)] - Initializing ExecutorService 'applicationTaskExecutor'
2021-02-07 21:24:21.087 INFO [restartedMain] [org.springframework.boot.autoconfigure.web.servlet.WelcomePageHandlerMapping] [<init>] [org.springframework.boot.autoconfigure.web.servlet.WelcomePageHandlerMapping.<init>(WelcomePageHandlerMapping.java:58)] - Adding welcome page template: index
2021-02-07 21:24:26.396 INFO [restartedMain] [org.springframework.boot.actuate.endpoint.web.EndpointLinksResolver] [<init>] [org.springframework.boot.actuate.endpoint.web.EndpointLinksResolver.<init>(EndpointLinksResolver.java:58)] - Exposing 2 endpoint(s) beneath base path '/actuator'
2021-02-07 21:24:26.875 INFO [restartedMain] [org.springframework.boot.web.embedded.tomcat.TomcatWebServer] [start] [org.springframework.boot.web.embedded.tomcat.TomcatWebServer.start(TomcatWebServer.java:220)] - Tomcat started on port(s): 8080 (http) with context path ''
2021-02-07 21:24:27.960 INFO [restartedMain] [pl.paweln.mjspringwebapp.DemoSpringWebAppApplication] [logStarted] [org.springframework.boot.StartupInfoLogger.logStarted(StartupInfoLogger.java:61)] - Started DemoSpringWebAppApplication in 24.345 seconds (JVM running for 32.505)
2021-02-07 21:25:06.728 INFO [http-nio-8080-exec-1] [org.springframework.web.servlet.DispatcherServlet] [initServletBean] [org.springframework.web.servlet.FrameworkServlet.initServletBean(FrameworkServlet.java:525)] - Initializing Servlet 'dispatcherServlet'
2021-02-07 21:25:06.729 INFO [http-nio-8080-exec-1] [org.springframework.web.servlet.DispatcherServlet] [initServletBean] [org.springframework.web.servlet.FrameworkServlet.initServletBean(FrameworkServlet.java:547)] - Completed initialization in 1 ms
2021-02-07 21:25:06.851 INFO [http-nio-8080-exec-1] [pl.paweln.mjspringwebapp.controllers.RecipeController] [getRecipes] [pl.paweln.mjspringwebapp.controllers.RecipeController.getRecipes(RecipeController.java:26)] - Returning recipes: 2
2021-02-07 21:28:34.153 INFO [SpringContextShutdownHook] [org.springframework.scheduling.concurrent.ThreadPoolTaskExecutor] [shutdown] [org.springframework.scheduling.concurrent.ExecutorConfigurationSupport.shutdown(ExecutorConfigurationSupport.java:218)] - Shutting down ExecutorService 'applicationTaskExecutor'
2021-02-07 21:28:34.156 INFO [SpringContextShutdownHook] [org.springframework.orm.jpa.LocalContainerEntityManagerFactoryBean] [destroy] [org.springframework.orm.jpa.AbstractEntityManagerFactoryBean.destroy(AbstractEntityManagerFactoryBean.java:651)] - Closing JPA EntityManagerFactory for persistence unit 'default'
2021-02-07 21:28:34.295 ERROR [HikariPool-1 connection adder] [com.zaxxer.hikari.pool.HikariPool] [createPoolEntry] [com.zaxxer.hikari.pool.HikariPool.createPoolEntry(HikariPool.java:497)] - HikariPool-1 - Error thrown while acquiring connection from data source
org.h2.jdbc.JdbcSQLNonTransientConnectionException: Baza danych jest otwarta w trybie wyłączności, nie można otworzyć dodatkowych połączeń
The database is open in exclusive mode; can not open additional connections [90135-200]
	at org.h2.message.DbException.getJdbcSQLException(DbException.java:622) ~[h2-1.4.200.jar:1.4.200]
	at org.h2.message.DbException.getJdbcSQLException(DbException.java:429) ~[h2-1.4.200.jar:1.4.200]
	at org.h2.message.DbException.get(DbException.java:205) ~[h2-1.4.200.jar:1.4.200]
	at org.h2.message.DbException.get(DbException.java:181) ~[h2-1.4.200.jar:1.4.200]
	at org.h2.message.DbException.get(DbException.java:170) ~[h2-1.4.200.jar:1.4.200]
	at org.h2.engine.Session.checkSuspended(Session.java:1369) ~[h2-1.4.200.jar:1.4.200]
	at org.h2.engine.Session.isOpen(Session.java:1303) ~[h2-1.4.200.jar:1.4.200]
	at org.h2.engine.Session.waitIfExclusiveModeEnabled(Session.java:1639) ~[h2-1.4.200.jar:1.4.200]
	at org.h2.command.Command.executeQuery(Command.java:186) ~[h2-1.4.200.jar:1.4.200]
	at org.h2.jdbc.JdbcConnection.isReadOnly(JdbcConnection.java:631) ~[h2-1.4.200.jar:1.4.200]
	at com.zaxxer.hikari.pool.PoolBase.setupConnection(PoolBase.java:402) ~[HikariCP-3.4.5.jar:?]
	at com.zaxxer.hikari.pool.PoolBase.newConnection(PoolBase.java:363) ~[HikariCP-3.4.5.jar:?]
	at com.zaxxer.hikari.pool.PoolBase.newPoolEntry(PoolBase.java:206) ~[HikariCP-3.4.5.jar:?]
	at com.zaxxer.hikari.pool.HikariPool.createPoolEntry(HikariPool.java:477) [HikariCP-3.4.5.jar:?]
	at com.zaxxer.hikari.pool.HikariPool.access$100(HikariPool.java:71) [HikariCP-3.4.5.jar:?]
	at com.zaxxer.hikari.pool.HikariPool$PoolEntryCreator.call(HikariPool.java:725) [HikariCP-3.4.5.jar:?]
	at com.zaxxer.hikari.pool.HikariPool$PoolEntryCreator.call(HikariPool.java:711) [HikariCP-3.4.5.jar:?]
	at java.util.concurrent.FutureTask.run(FutureTask.java:264) [?:?]
	at java.util.concurrent.ThreadPoolExecutor.runWorker(ThreadPoolExecutor.java:1128) [?:?]
	at java.util.concurrent.ThreadPoolExecutor$Worker.run(ThreadPoolExecutor.java:628) [?:?]
	at java.lang.Thread.run(Thread.java:834) [?:?]
2021-02-07 21:28:34.389 WARN [SpringContextShutdownHook] [org.springframework.beans.factory.support.DisposableBeanAdapter] [destroy] [org.springframework.beans.factory.support.DisposableBeanAdapter.destroy(DisposableBeanAdapter.java:267)] - Invocation of destroy method failed on bean with name 'inMemoryDatabaseShutdownExecutor': org.h2.jdbc.JdbcSQLNonTransientConnectionException: Baza danych jest już zamknięta (aby zablokować samoczynne zamykanie podczas zamknięcia VM dodaj ";DB_CLOSE_ON_EXIT=FALSE" do URL bazy danych)
Database is already closed (to disable automatic closing at VM shutdown, add ";DB_CLOSE_ON_EXIT=FALSE" to the db URL) [90121-200]
2021-02-07 21:28:34.398 INFO [SpringContextShutdownHook] [com.zaxxer.hikari.HikariDataSource] [close] [com.zaxxer.hikari.HikariDataSource.close(HikariDataSource.java:350)] - HikariPool-1 - Shutdown initiated...
2021-02-07 21:28:34.597 INFO [SpringContextShutdownHook] [com.zaxxer.hikari.HikariDataSource] [close] [com.zaxxer.hikari.HikariDataSource.close(HikariDataSource.java:352)] - HikariPool-1 - Shutdown completed.
2021-02-07 21:29:00.479 INFO [restartedMain] [pl.paweln.mjspringwebapp.DemoSpringWebAppApplication] [logStarting] [org.springframework.boot.StartupInfoLogger.logStarting(StartupInfoLogger.java:55)] - Starting DemoSpringWebAppApplication using Java 11.0.9.1 on nbniedziela with PID 5360 (C:\Users\pawel\idea\mj-spring-web-app\mj-spring-web\target\classes started by pawel in C:\Users\pawel\idea\mj-spring-web-app)
2021-02-07 21:29:00.508 INFO [restartedMain] [pl.paweln.mjspringwebapp.DemoSpringWebAppApplication] [logStartupProfileInfo] [org.springframework.boot.SpringApplication.logStartupProfileInfo(SpringApplication.java:664)] - The following profiles are active: jpa
2021-02-07 21:29:00.612 INFO [restartedMain] [org.springframework.boot.devtools.env.DevToolsPropertyDefaultsPostProcessor] [logTo] [org.springframework.boot.logging.DeferredLog.logTo(DeferredLog.java:255)] - Devtools property defaults active! Set 'spring.devtools.add-properties' to 'false' to disable
2021-02-07 21:29:00.613 INFO [restartedMain] [org.springframework.boot.devtools.env.DevToolsPropertyDefaultsPostProcessor] [logTo] [org.springframework.boot.logging.DeferredLog.logTo(DeferredLog.java:255)] - For additional web related logging consider setting the 'logging.level.web' property to 'DEBUG'
2021-02-07 21:29:03.721 INFO [restartedMain] [org.springframework.data.repository.config.RepositoryConfigurationDelegate] [registerRepositoriesIn] [org.springframework.data.repository.config.RepositoryConfigurationDelegate.registerRepositoriesIn(RepositoryConfigurationDelegate.java:128)] - Bootstrapping Spring Data JPA repositories in DEFAULT mode.
2021-02-07 21:29:04.584 INFO [restartedMain] [org.springframework.data.repository.config.RepositoryConfigurationDelegate] [registerRepositoriesIn] [org.springframework.data.repository.config.RepositoryConfigurationDelegate.registerRepositoriesIn(RepositoryConfigurationDelegate.java:188)] - Finished Spring Data repository scanning in 834 ms. Found 6 JPA repository interfaces.
2021-02-07 21:29:06.625 INFO [restartedMain] [org.springframework.boot.web.embedded.tomcat.TomcatWebServer] [initialize] [org.springframework.boot.web.embedded.tomcat.TomcatWebServer.initialize(TomcatWebServer.java:108)] - Tomcat initialized with port(s): 8080 (http)
2021-02-07 21:29:07.670 INFO [restartedMain] [org.springframework.boot.web.servlet.context.ServletWebServerApplicationContext] [prepareWebApplicationContext] [org.springframework.boot.web.servlet.context.ServletWebServerApplicationContext.prepareWebApplicationContext(ServletWebServerApplicationContext.java:289)] - Root WebApplicationContext: initialization completed in 7057 ms
2021-02-07 21:29:07.902 INFO [restartedMain] [com.zaxxer.hikari.HikariDataSource] [getConnection] [com.zaxxer.hikari.HikariDataSource.getConnection(HikariDataSource.java:110)] - HikariPool-1 - Starting...
2021-02-07 21:29:08.349 INFO [restartedMain] [com.zaxxer.hikari.HikariDataSource] [getConnection] [com.zaxxer.hikari.HikariDataSource.getConnection(HikariDataSource.java:123)] - HikariPool-1 - Start completed.
2021-02-07 21:29:08.358 INFO [restartedMain] [org.springframework.boot.autoconfigure.h2.H2ConsoleAutoConfiguration] [lambda$h2Console$0] [org.springframework.boot.autoconfigure.h2.H2ConsoleAutoConfiguration.lambda$h2Console$0(H2ConsoleAutoConfiguration.java:68)] - H2 console available at '/h2-console'. Database available at 'jdbc:h2:mem:testdb'
2021-02-07 21:29:08.958 INFO [restartedMain] [org.hibernate.jpa.internal.util.LogHelper] [logPersistenceUnitInformation] [org.hibernate.jpa.internal.util.LogHelper.logPersistenceUnitInformation(LogHelper.java:31)] - HHH000204: Processing PersistenceUnitInfo [name: default]
2021-02-07 21:29:09.053 INFO [restartedMain] [org.hibernate.Version] [logVersion] [org.hibernate.Version.logVersion(Version.java:44)] - HHH000412: Hibernate ORM core version 5.4.25.Final
2021-02-07 21:29:09.335 INFO [restartedMain] [org.hibernate.annotations.common.Version] [<clinit>] [org.hibernate.annotations.common.reflection.java.JavaReflectionManager.<clinit>(JavaReflectionManager.java:56)] - HCANN000001: Hibernate Commons Annotations {5.1.2.Final}
2021-02-07 21:29:09.601 INFO [restartedMain] [org.hibernate.dialect.Dialect] [<init>] [org.hibernate.dialect.Dialect.<init>(Dialect.java:175)] - HHH000400: Using dialect: org.hibernate.dialect.H2Dialect
2021-02-07 21:29:11.199 INFO [restartedMain] [org.hibernate.engine.transaction.jta.platform.internal.JtaPlatformInitiator] [initiateService] [org.hibernate.engine.transaction.jta.platform.internal.JtaPlatformInitiator.initiateService(JtaPlatformInitiator.java:52)] - HHH000490: Using JtaPlatform implementation: [org.hibernate.engine.transaction.jta.platform.internal.NoJtaPlatform]
2021-02-07 21:29:11.210 INFO [restartedMain] [org.springframework.orm.jpa.LocalContainerEntityManagerFactoryBean] [buildNativeEntityManagerFactory] [org.springframework.orm.jpa.AbstractEntityManagerFactoryBean.buildNativeEntityManagerFactory(AbstractEntityManagerFactoryBean.java:437)] - Initialized JPA EntityManagerFactory for persistence unit 'default'
2021-02-07 21:29:11.244 INFO [restartedMain] [org.springframework.boot.devtools.autoconfigure.OptionalLiveReloadServer] [startServer] [org.springframework.boot.devtools.autoconfigure.OptionalLiveReloadServer.startServer(OptionalLiveReloadServer.java:58)] - LiveReload server is running on port 35729
2021-02-07 21:29:12.137 WARN [restartedMain] [org.springframework.boot.autoconfigure.orm.jpa.JpaBaseConfiguration$JpaWebConfiguration] [openEntityManagerInViewInterceptor] [org.springframework.boot.autoconfigure.orm.jpa.JpaBaseConfiguration$JpaWebConfiguration.openEntityManagerInViewInterceptor(JpaBaseConfiguration.java:221)] - spring.jpa.open-in-view is enabled by default. Therefore, database queries may be performed during view rendering. Explicitly configure spring.jpa.open-in-view to disable this warning
2021-02-07 21:29:12.347 INFO [restartedMain] [org.springframework.scheduling.concurrent.ThreadPoolTaskExecutor] [initialize] [org.springframework.scheduling.concurrent.ExecutorConfigurationSupport.initialize(ExecutorConfigurationSupport.java:181)] - Initializing ExecutorService 'applicationTaskExecutor'
2021-02-07 21:29:12.544 INFO [restartedMain] [org.springframework.boot.autoconfigure.web.servlet.WelcomePageHandlerMapping] [<init>] [org.springframework.boot.autoconfigure.web.servlet.WelcomePageHandlerMapping.<init>(WelcomePageHandlerMapping.java:58)] - Adding welcome page template: index
2021-02-07 21:29:16.680 INFO [restartedMain] [org.springframework.boot.actuate.endpoint.web.EndpointLinksResolver] [<init>] [org.springframework.boot.actuate.endpoint.web.EndpointLinksResolver.<init>(EndpointLinksResolver.java:58)] - Exposing 2 endpoint(s) beneath base path '/actuator'
2021-02-07 21:29:16.804 INFO [restartedMain] [org.springframework.boot.web.embedded.tomcat.TomcatWebServer] [start] [org.springframework.boot.web.embedded.tomcat.TomcatWebServer.start(TomcatWebServer.java:220)] - Tomcat started on port(s): 8080 (http) with context path ''
2021-02-07 21:29:17.398 INFO [restartedMain] [pl.paweln.mjspringwebapp.DemoSpringWebAppApplication] [logStarted] [org.springframework.boot.StartupInfoLogger.logStarted(StartupInfoLogger.java:61)] - Started DemoSpringWebAppApplication in 17.817 seconds (JVM running for 24.376)
2021-02-07 21:29:18.835 INFO [http-nio-8080-exec-1] [org.springframework.web.servlet.DispatcherServlet] [initServletBean] [org.springframework.web.servlet.FrameworkServlet.initServletBean(FrameworkServlet.java:525)] - Initializing Servlet 'dispatcherServlet'
2021-02-07 21:29:18.843 INFO [http-nio-8080-exec-1] [org.springframework.web.servlet.DispatcherServlet] [initServletBean] [org.springframework.web.servlet.FrameworkServlet.initServletBean(FrameworkServlet.java:547)] - Completed initialization in 0 ms
2021-02-07 21:29:18.968 INFO [http-nio-8080-exec-1] [pl.paweln.mjspringwebapp.controllers.RecipeController] [getRecipes] [pl.paweln.mjspringwebapp.controllers.RecipeController.getRecipes(RecipeController.java:26)] - Returning recipes: 2
2021-02-07 21:29:23.489 INFO [http-nio-8080-exec-6] [pl.paweln.mjspringwebapp.controllers.RecipeController] [getRecipes] [pl.paweln.mjspringwebapp.controllers.RecipeController.getRecipes(RecipeController.java:26)] - Returning recipes: 2
2021-02-07 21:30:11.281 INFO [restartedMain] [pl.paweln.mjspringwebapp.DemoSpringWebAppApplication] [logStarting] [org.springframework.boot.StartupInfoLogger.logStarting(StartupInfoLogger.java:55)] - Starting DemoSpringWebAppApplication using Java 11.0.9.1 on nbniedziela with PID 6280 (C:\Users\pawel\idea\mj-spring-web-app\mj-spring-web\target\classes started by pawel in C:\Users\pawel\idea\mj-spring-web-app)
2021-02-07 21:30:11.310 INFO [restartedMain] [pl.paweln.mjspringwebapp.DemoSpringWebAppApplication] [logStartupProfileInfo] [org.springframework.boot.SpringApplication.logStartupProfileInfo(SpringApplication.java:664)] - The following profiles are active: jpa
2021-02-07 21:30:11.514 INFO [restartedMain] [org.springframework.boot.devtools.env.DevToolsPropertyDefaultsPostProcessor] [logTo] [org.springframework.boot.logging.DeferredLog.logTo(DeferredLog.java:255)] - Devtools property defaults active! Set 'spring.devtools.add-properties' to 'false' to disable
2021-02-07 21:30:11.515 INFO [restartedMain] [org.springframework.boot.devtools.env.DevToolsPropertyDefaultsPostProcessor] [logTo] [org.springframework.boot.logging.DeferredLog.logTo(DeferredLog.java:255)] - For additional web related logging consider setting the 'logging.level.web' property to 'DEBUG'
2021-02-07 21:30:15.750 INFO [restartedMain] [org.springframework.data.repository.config.RepositoryConfigurationDelegate] [registerRepositoriesIn] [org.springframework.data.repository.config.RepositoryConfigurationDelegate.registerRepositoriesIn(RepositoryConfigurationDelegate.java:128)] - Bootstrapping Spring Data JPA repositories in DEFAULT mode.
2021-02-07 21:30:16.804 INFO [restartedMain] [org.springframework.data.repository.config.RepositoryConfigurationDelegate] [registerRepositoriesIn] [org.springframework.data.repository.config.RepositoryConfigurationDelegate.registerRepositoriesIn(RepositoryConfigurationDelegate.java:188)] - Finished Spring Data repository scanning in 1031 ms. Found 6 JPA repository interfaces.
2021-02-07 21:30:20.414 INFO [restartedMain] [org.springframework.boot.web.embedded.tomcat.TomcatWebServer] [initialize] [org.springframework.boot.web.embedded.tomcat.TomcatWebServer.initialize(TomcatWebServer.java:108)] - Tomcat initialized with port(s): 8080 (http)
2021-02-07 21:30:22.094 INFO [restartedMain] [org.springframework.boot.web.servlet.context.ServletWebServerApplicationContext] [prepareWebApplicationContext] [org.springframework.boot.web.servlet.context.ServletWebServerApplicationContext.prepareWebApplicationContext(ServletWebServerApplicationContext.java:289)] - Root WebApplicationContext: initialization completed in 10577 ms
2021-02-07 21:30:22.594 INFO [restartedMain] [com.zaxxer.hikari.HikariDataSource] [getConnection] [com.zaxxer.hikari.HikariDataSource.getConnection(HikariDataSource.java:110)] - HikariPool-1 - Starting...
2021-02-07 21:30:23.281 INFO [restartedMain] [com.zaxxer.hikari.HikariDataSource] [getConnection] [com.zaxxer.hikari.HikariDataSource.getConnection(HikariDataSource.java:123)] - HikariPool-1 - Start completed.
2021-02-07 21:30:23.303 INFO [restartedMain] [org.springframework.boot.autoconfigure.h2.H2ConsoleAutoConfiguration] [lambda$h2Console$0] [org.springframework.boot.autoconfigure.h2.H2ConsoleAutoConfiguration.lambda$h2Console$0(H2ConsoleAutoConfiguration.java:68)] - H2 console available at '/h2-console'. Database available at 'jdbc:h2:mem:testdb'
2021-02-07 21:30:24.290 INFO [restartedMain] [org.hibernate.jpa.internal.util.LogHelper] [logPersistenceUnitInformation] [org.hibernate.jpa.internal.util.LogHelper.logPersistenceUnitInformation(LogHelper.java:31)] - HHH000204: Processing PersistenceUnitInfo [name: default]
2021-02-07 21:30:24.467 INFO [restartedMain] [org.hibernate.Version] [logVersion] [org.hibernate.Version.logVersion(Version.java:44)] - HHH000412: Hibernate ORM core version 5.4.25.Final
2021-02-07 21:30:25.004 INFO [restartedMain] [org.hibernate.annotations.common.Version] [<clinit>] [org.hibernate.annotations.common.reflection.java.JavaReflectionManager.<clinit>(JavaReflectionManager.java:56)] - HCANN000001: Hibernate Commons Annotations {5.1.2.Final}
2021-02-07 21:30:25.549 INFO [restartedMain] [org.hibernate.dialect.Dialect] [<init>] [org.hibernate.dialect.Dialect.<init>(Dialect.java:175)] - HHH000400: Using dialect: org.hibernate.dialect.H2Dialect
2021-02-07 21:30:28.110 INFO [restartedMain] [org.hibernate.engine.transaction.jta.platform.internal.JtaPlatformInitiator] [initiateService] [org.hibernate.engine.transaction.jta.platform.internal.JtaPlatformInitiator.initiateService(JtaPlatformInitiator.java:52)] - HHH000490: Using JtaPlatform implementation: [org.hibernate.engine.transaction.jta.platform.internal.NoJtaPlatform]
2021-02-07 21:30:28.132 INFO [restartedMain] [org.springframework.orm.jpa.LocalContainerEntityManagerFactoryBean] [buildNativeEntityManagerFactory] [org.springframework.orm.jpa.AbstractEntityManagerFactoryBean.buildNativeEntityManagerFactory(AbstractEntityManagerFactoryBean.java:437)] - Initialized JPA EntityManagerFactory for persistence unit 'default'
2021-02-07 21:30:28.213 INFO [restartedMain] [org.springframework.boot.devtools.autoconfigure.OptionalLiveReloadServer] [startServer] [org.springframework.boot.devtools.autoconfigure.OptionalLiveReloadServer.startServer(OptionalLiveReloadServer.java:58)] - LiveReload server is running on port 35729
2021-02-07 21:30:29.666 WARN [restartedMain] [org.springframework.boot.autoconfigure.orm.jpa.JpaBaseConfiguration$JpaWebConfiguration] [openEntityManagerInViewInterceptor] [org.springframework.boot.autoconfigure.orm.jpa.JpaBaseConfiguration$JpaWebConfiguration.openEntityManagerInViewInterceptor(JpaBaseConfiguration.java:221)] - spring.jpa.open-in-view is enabled by default. Therefore, database queries may be performed during view rendering. Explicitly configure spring.jpa.open-in-view to disable this warning
2021-02-07 21:30:30.103 INFO [restartedMain] [org.springframework.scheduling.concurrent.ThreadPoolTaskExecutor] [initialize] [org.springframework.scheduling.concurrent.ExecutorConfigurationSupport.initialize(ExecutorConfigurationSupport.java:181)] - Initializing ExecutorService 'applicationTaskExecutor'
2021-02-07 21:30:30.433 INFO [restartedMain] [org.springframework.boot.autoconfigure.web.servlet.WelcomePageHandlerMapping] [<init>] [org.springframework.boot.autoconfigure.web.servlet.WelcomePageHandlerMapping.<init>(WelcomePageHandlerMapping.java:58)] - Adding welcome page template: index
2021-02-07 21:30:36.496 INFO [restartedMain] [org.springframework.boot.actuate.endpoint.web.EndpointLinksResolver] [<init>] [org.springframework.boot.actuate.endpoint.web.EndpointLinksResolver.<init>(EndpointLinksResolver.java:58)] - Exposing 2 endpoint(s) beneath base path '/actuator'
2021-02-07 21:30:36.707 INFO [restartedMain] [org.springframework.boot.web.embedded.tomcat.TomcatWebServer] [start] [org.springframework.boot.web.embedded.tomcat.TomcatWebServer.start(TomcatWebServer.java:220)] - Tomcat started on port(s): 8080 (http) with context path ''
2021-02-07 21:30:37.967 INFO [restartedMain] [pl.paweln.mjspringwebapp.DemoSpringWebAppApplication] [logStarted] [org.springframework.boot.StartupInfoLogger.logStarted(StartupInfoLogger.java:61)] - Started DemoSpringWebAppApplication in 28.043 seconds (JVM running for 38.601)
2021-02-07 21:31:18.732 INFO [http-nio-8080-exec-1] [org.springframework.web.servlet.DispatcherServlet] [initServletBean] [org.springframework.web.servlet.FrameworkServlet.initServletBean(FrameworkServlet.java:525)] - Initializing Servlet 'dispatcherServlet'
2021-02-07 21:31:18.740 INFO [http-nio-8080-exec-1] [org.springframework.web.servlet.DispatcherServlet] [initServletBean] [org.springframework.web.servlet.FrameworkServlet.initServletBean(FrameworkServlet.java:547)] - Completed initialization in 8 ms
2021-02-07 21:31:18.870 INFO [http-nio-8080-exec-1] [pl.paweln.mjspringwebapp.controllers.RecipeController] [getRecipes] [pl.paweln.mjspringwebapp.controllers.RecipeController.getRecipes(RecipeController.java:26)] - Returning recipes: 2
2021-02-07 21:31:22.118 INFO [http-nio-8080-exec-6] [pl.paweln.mjspringwebapp.controllers.RecipeController] [getRecipes] [pl.paweln.mjspringwebapp.controllers.RecipeController.getRecipes(RecipeController.java:26)] - Returning recipes: 2
2021-02-07 21:45:56.855 INFO [restartedMain] [pl.paweln.mjspringwebapp.DemoSpringWebAppApplication] [logStarting] [org.springframework.boot.StartupInfoLogger.logStarting(StartupInfoLogger.java:55)] - Starting DemoSpringWebAppApplication using Java 11.0.9.1 on nbniedziela with PID 7772 (C:\Users\pawel\idea\mj-spring-web-app\mj-spring-web\target\classes started by pawel in C:\Users\pawel\idea\mj-spring-web-app)
2021-02-07 21:45:56.881 INFO [restartedMain] [pl.paweln.mjspringwebapp.DemoSpringWebAppApplication] [logStartupProfileInfo] [org.springframework.boot.SpringApplication.logStartupProfileInfo(SpringApplication.java:664)] - The following profiles are active: jpa
2021-02-07 21:45:56.977 INFO [restartedMain] [org.springframework.boot.devtools.env.DevToolsPropertyDefaultsPostProcessor] [logTo] [org.springframework.boot.logging.DeferredLog.logTo(DeferredLog.java:255)] - Devtools property defaults active! Set 'spring.devtools.add-properties' to 'false' to disable
2021-02-07 21:45:56.978 INFO [restartedMain] [org.springframework.boot.devtools.env.DevToolsPropertyDefaultsPostProcessor] [logTo] [org.springframework.boot.logging.DeferredLog.logTo(DeferredLog.java:255)] - For additional web related logging consider setting the 'logging.level.web' property to 'DEBUG'
2021-02-07 21:45:59.723 INFO [restartedMain] [org.springframework.data.repository.config.RepositoryConfigurationDelegate] [registerRepositoriesIn] [org.springframework.data.repository.config.RepositoryConfigurationDelegate.registerRepositoriesIn(RepositoryConfigurationDelegate.java:128)] - Bootstrapping Spring Data JPA repositories in DEFAULT mode.
2021-02-07 21:46:00.453 INFO [restartedMain] [org.springframework.data.repository.config.RepositoryConfigurationDelegate] [registerRepositoriesIn] [org.springframework.data.repository.config.RepositoryConfigurationDelegate.registerRepositoriesIn(RepositoryConfigurationDelegate.java:188)] - Finished Spring Data repository scanning in 709 ms. Found 6 JPA repository interfaces.
2021-02-07 21:46:02.489 INFO [restartedMain] [org.springframework.boot.web.embedded.tomcat.TomcatWebServer] [initialize] [org.springframework.boot.web.embedded.tomcat.TomcatWebServer.initialize(TomcatWebServer.java:108)] - Tomcat initialized with port(s): 8080 (http)
2021-02-07 21:46:03.547 INFO [restartedMain] [org.springframework.boot.web.servlet.context.ServletWebServerApplicationContext] [prepareWebApplicationContext] [org.springframework.boot.web.servlet.context.ServletWebServerApplicationContext.prepareWebApplicationContext(ServletWebServerApplicationContext.java:289)] - Root WebApplicationContext: initialization completed in 6564 ms
2021-02-07 21:46:03.791 INFO [restartedMain] [com.zaxxer.hikari.HikariDataSource] [getConnection] [com.zaxxer.hikari.HikariDataSource.getConnection(HikariDataSource.java:110)] - HikariPool-1 - Starting...
2021-02-07 21:46:04.180 INFO [restartedMain] [com.zaxxer.hikari.HikariDataSource] [getConnection] [com.zaxxer.hikari.HikariDataSource.getConnection(HikariDataSource.java:123)] - HikariPool-1 - Start completed.
2021-02-07 21:46:04.188 INFO [restartedMain] [org.springframework.boot.autoconfigure.h2.H2ConsoleAutoConfiguration] [lambda$h2Console$0] [org.springframework.boot.autoconfigure.h2.H2ConsoleAutoConfiguration.lambda$h2Console$0(H2ConsoleAutoConfiguration.java:68)] - H2 console available at '/h2-console'. Database available at 'jdbc:h2:mem:testdb'
2021-02-07 21:46:04.816 INFO [restartedMain] [org.hibernate.jpa.internal.util.LogHelper] [logPersistenceUnitInformation] [org.hibernate.jpa.internal.util.LogHelper.logPersistenceUnitInformation(LogHelper.java:31)] - HHH000204: Processing PersistenceUnitInfo [name: default]
2021-02-07 21:46:04.930 INFO [restartedMain] [org.hibernate.Version] [logVersion] [org.hibernate.Version.logVersion(Version.java:44)] - HHH000412: Hibernate ORM core version 5.4.25.Final
2021-02-07 21:46:05.220 INFO [restartedMain] [org.hibernate.annotations.common.Version] [<clinit>] [org.hibernate.annotations.common.reflection.java.JavaReflectionManager.<clinit>(JavaReflectionManager.java:56)] - HCANN000001: Hibernate Commons Annotations {5.1.2.Final}
2021-02-07 21:46:05.511 INFO [restartedMain] [org.hibernate.dialect.Dialect] [<init>] [org.hibernate.dialect.Dialect.<init>(Dialect.java:175)] - HHH000400: Using dialect: org.hibernate.dialect.H2Dialect
2021-02-07 21:46:06.964 INFO [restartedMain] [org.hibernate.engine.transaction.jta.platform.internal.JtaPlatformInitiator] [initiateService] [org.hibernate.engine.transaction.jta.platform.internal.JtaPlatformInitiator.initiateService(JtaPlatformInitiator.java:52)] - HHH000490: Using JtaPlatform implementation: [org.hibernate.engine.transaction.jta.platform.internal.NoJtaPlatform]
2021-02-07 21:46:06.968 INFO [restartedMain] [org.springframework.orm.jpa.LocalContainerEntityManagerFactoryBean] [buildNativeEntityManagerFactory] [org.springframework.orm.jpa.AbstractEntityManagerFactoryBean.buildNativeEntityManagerFactory(AbstractEntityManagerFactoryBean.java:437)] - Initialized JPA EntityManagerFactory for persistence unit 'default'
2021-02-07 21:46:07.005 INFO [restartedMain] [org.springframework.boot.devtools.autoconfigure.OptionalLiveReloadServer] [startServer] [org.springframework.boot.devtools.autoconfigure.OptionalLiveReloadServer.startServer(OptionalLiveReloadServer.java:58)] - LiveReload server is running on port 35729
2021-02-07 21:46:07.888 WARN [restartedMain] [org.springframework.boot.autoconfigure.orm.jpa.JpaBaseConfiguration$JpaWebConfiguration] [openEntityManagerInViewInterceptor] [org.springframework.boot.autoconfigure.orm.jpa.JpaBaseConfiguration$JpaWebConfiguration.openEntityManagerInViewInterceptor(JpaBaseConfiguration.java:221)] - spring.jpa.open-in-view is enabled by default. Therefore, database queries may be performed during view rendering. Explicitly configure spring.jpa.open-in-view to disable this warning
2021-02-07 21:46:08.117 INFO [restartedMain] [org.springframework.scheduling.concurrent.ThreadPoolTaskExecutor] [initialize] [org.springframework.scheduling.concurrent.ExecutorConfigurationSupport.initialize(ExecutorConfigurationSupport.java:181)] - Initializing ExecutorService 'applicationTaskExecutor'
2021-02-07 21:46:08.309 INFO [restartedMain] [org.springframework.boot.autoconfigure.web.servlet.WelcomePageHandlerMapping] [<init>] [org.springframework.boot.autoconfigure.web.servlet.WelcomePageHandlerMapping.<init>(WelcomePageHandlerMapping.java:58)] - Adding welcome page template: index
2021-02-07 21:46:11.663 INFO [restartedMain] [org.springframework.boot.actuate.endpoint.web.EndpointLinksResolver] [<init>] [org.springframework.boot.actuate.endpoint.web.EndpointLinksResolver.<init>(EndpointLinksResolver.java:58)] - Exposing 2 endpoint(s) beneath base path '/actuator'
2021-02-07 21:46:11.780 INFO [restartedMain] [org.springframework.boot.web.embedded.tomcat.TomcatWebServer] [start] [org.springframework.boot.web.embedded.tomcat.TomcatWebServer.start(TomcatWebServer.java:220)] - Tomcat started on port(s): 8080 (http) with context path ''
2021-02-07 21:46:12.192 INFO [restartedMain] [pl.paweln.mjspringwebapp.DemoSpringWebAppApplication] [logStarted] [org.springframework.boot.StartupInfoLogger.logStarted(StartupInfoLogger.java:61)] - Started DemoSpringWebAppApplication in 16.08 seconds (JVM running for 23.586)
2021-02-07 21:46:16.565 INFO [http-nio-8080-exec-1] [org.springframework.web.servlet.DispatcherServlet] [initServletBean] [org.springframework.web.servlet.FrameworkServlet.initServletBean(FrameworkServlet.java:525)] - Initializing Servlet 'dispatcherServlet'
2021-02-07 21:46:16.565 INFO [http-nio-8080-exec-1] [org.springframework.web.servlet.DispatcherServlet] [initServletBean] [org.springframework.web.servlet.FrameworkServlet.initServletBean(FrameworkServlet.java:547)] - Completed initialization in 0 ms
2021-02-07 21:46:16.777 INFO [http-nio-8080-exec-1] [pl.paweln.mjspringwebapp.controllers.RecipeController] [getRecipes] [pl.paweln.mjspringwebapp.controllers.RecipeController.getRecipes(RecipeController.java:26)] - Returning recipes: 2
2021-02-07 21:47:25.525 INFO [restartedMain] [pl.paweln.mjspringwebapp.DemoSpringWebAppApplication] [logStarting] [org.springframework.boot.StartupInfoLogger.logStarting(StartupInfoLogger.java:55)] - Starting DemoSpringWebAppApplication using Java 11.0.9.1 on nbniedziela with PID 6120 (C:\Users\pawel\idea\mj-spring-web-app\mj-spring-web\target\classes started by pawel in C:\Users\pawel\idea\mj-spring-web-app)
2021-02-07 21:47:25.573 INFO [restartedMain] [pl.paweln.mjspringwebapp.DemoSpringWebAppApplication] [logStartupProfileInfo] [org.springframework.boot.SpringApplication.logStartupProfileInfo(SpringApplication.java:664)] - The following profiles are active: jpa
2021-02-07 21:47:25.683 INFO [restartedMain] [org.springframework.boot.devtools.env.DevToolsPropertyDefaultsPostProcessor] [logTo] [org.springframework.boot.logging.DeferredLog.logTo(DeferredLog.java:255)] - Devtools property defaults active! Set 'spring.devtools.add-properties' to 'false' to disable
2021-02-07 21:47:25.684 INFO [restartedMain] [org.springframework.boot.devtools.env.DevToolsPropertyDefaultsPostProcessor] [logTo] [org.springframework.boot.logging.DeferredLog.logTo(DeferredLog.java:255)] - For additional web related logging consider setting the 'logging.level.web' property to 'DEBUG'
2021-02-07 21:47:28.354 INFO [restartedMain] [org.springframework.data.repository.config.RepositoryConfigurationDelegate] [registerRepositoriesIn] [org.springframework.data.repository.config.RepositoryConfigurationDelegate.registerRepositoriesIn(RepositoryConfigurationDelegate.java:128)] - Bootstrapping Spring Data JPA repositories in DEFAULT mode.
2021-02-07 21:47:29.219 INFO [restartedMain] [org.springframework.data.repository.config.RepositoryConfigurationDelegate] [registerRepositoriesIn] [org.springframework.data.repository.config.RepositoryConfigurationDelegate.registerRepositoriesIn(RepositoryConfigurationDelegate.java:188)] - Finished Spring Data repository scanning in 849 ms. Found 6 JPA repository interfaces.
2021-02-07 21:47:31.928 INFO [restartedMain] [org.springframework.boot.web.embedded.tomcat.TomcatWebServer] [initialize] [org.springframework.boot.web.embedded.tomcat.TomcatWebServer.initialize(TomcatWebServer.java:108)] - Tomcat initialized with port(s): 8080 (http)
2021-02-07 21:47:33.094 INFO [restartedMain] [org.springframework.boot.web.servlet.context.ServletWebServerApplicationContext] [prepareWebApplicationContext] [org.springframework.boot.web.servlet.context.ServletWebServerApplicationContext.prepareWebApplicationContext(ServletWebServerApplicationContext.java:289)] - Root WebApplicationContext: initialization completed in 7410 ms
2021-02-07 21:47:33.463 INFO [restartedMain] [com.zaxxer.hikari.HikariDataSource] [getConnection] [com.zaxxer.hikari.HikariDataSource.getConnection(HikariDataSource.java:110)] - HikariPool-1 - Starting...
2021-02-07 21:47:33.921 INFO [restartedMain] [com.zaxxer.hikari.HikariDataSource] [getConnection] [com.zaxxer.hikari.HikariDataSource.getConnection(HikariDataSource.java:123)] - HikariPool-1 - Start completed.
2021-02-07 21:47:33.928 INFO [restartedMain] [org.springframework.boot.autoconfigure.h2.H2ConsoleAutoConfiguration] [lambda$h2Console$0] [org.springframework.boot.autoconfigure.h2.H2ConsoleAutoConfiguration.lambda$h2Console$0(H2ConsoleAutoConfiguration.java:68)] - H2 console available at '/h2-console'. Database available at 'jdbc:h2:mem:testdb'
2021-02-07 21:47:34.751 INFO [restartedMain] [org.hibernate.jpa.internal.util.LogHelper] [logPersistenceUnitInformation] [org.hibernate.jpa.internal.util.LogHelper.logPersistenceUnitInformation(LogHelper.java:31)] - HHH000204: Processing PersistenceUnitInfo [name: default]
2021-02-07 21:47:34.894 INFO [restartedMain] [org.hibernate.Version] [logVersion] [org.hibernate.Version.logVersion(Version.java:44)] - HHH000412: Hibernate ORM core version 5.4.25.Final
2021-02-07 21:47:35.242 INFO [restartedMain] [org.hibernate.annotations.common.Version] [<clinit>] [org.hibernate.annotations.common.reflection.java.JavaReflectionManager.<clinit>(JavaReflectionManager.java:56)] - HCANN000001: Hibernate Commons Annotations {5.1.2.Final}
2021-02-07 21:47:35.608 INFO [restartedMain] [org.hibernate.dialect.Dialect] [<init>] [org.hibernate.dialect.Dialect.<init>(Dialect.java:175)] - HHH000400: Using dialect: org.hibernate.dialect.H2Dialect
2021-02-07 21:47:37.515 INFO [restartedMain] [org.hibernate.engine.transaction.jta.platform.internal.JtaPlatformInitiator] [initiateService] [org.hibernate.engine.transaction.jta.platform.internal.JtaPlatformInitiator.initiateService(JtaPlatformInitiator.java:52)] - HHH000490: Using JtaPlatform implementation: [org.hibernate.engine.transaction.jta.platform.internal.NoJtaPlatform]
2021-02-07 21:47:37.532 INFO [restartedMain] [org.springframework.orm.jpa.LocalContainerEntityManagerFactoryBean] [buildNativeEntityManagerFactory] [org.springframework.orm.jpa.AbstractEntityManagerFactoryBean.buildNativeEntityManagerFactory(AbstractEntityManagerFactoryBean.java:437)] - Initialized JPA EntityManagerFactory for persistence unit 'default'
2021-02-07 21:47:37.574 INFO [restartedMain] [org.springframework.boot.devtools.autoconfigure.OptionalLiveReloadServer] [startServer] [org.springframework.boot.devtools.autoconfigure.OptionalLiveReloadServer.startServer(OptionalLiveReloadServer.java:58)] - LiveReload server is running on port 35729
2021-02-07 21:47:38.544 WARN [restartedMain] [org.springframework.boot.autoconfigure.orm.jpa.JpaBaseConfiguration$JpaWebConfiguration] [openEntityManagerInViewInterceptor] [org.springframework.boot.autoconfigure.orm.jpa.JpaBaseConfiguration$JpaWebConfiguration.openEntityManagerInViewInterceptor(JpaBaseConfiguration.java:221)] - spring.jpa.open-in-view is enabled by default. Therefore, database queries may be performed during view rendering. Explicitly configure spring.jpa.open-in-view to disable this warning
2021-02-07 21:47:38.837 INFO [restartedMain] [org.springframework.scheduling.concurrent.ThreadPoolTaskExecutor] [initialize] [org.springframework.scheduling.concurrent.ExecutorConfigurationSupport.initialize(ExecutorConfigurationSupport.java:181)] - Initializing ExecutorService 'applicationTaskExecutor'
2021-02-07 21:47:39.021 INFO [restartedMain] [org.springframework.boot.autoconfigure.web.servlet.WelcomePageHandlerMapping] [<init>] [org.springframework.boot.autoconfigure.web.servlet.WelcomePageHandlerMapping.<init>(WelcomePageHandlerMapping.java:58)] - Adding welcome page template: index
2021-02-07 21:47:42.311 INFO [restartedMain] [org.springframework.boot.actuate.endpoint.web.EndpointLinksResolver] [<init>] [org.springframework.boot.actuate.endpoint.web.EndpointLinksResolver.<init>(EndpointLinksResolver.java:58)] - Exposing 2 endpoint(s) beneath base path '/actuator'
2021-02-07 21:47:42.434 INFO [restartedMain] [org.springframework.boot.web.embedded.tomcat.TomcatWebServer] [start] [org.springframework.boot.web.embedded.tomcat.TomcatWebServer.start(TomcatWebServer.java:220)] - Tomcat started on port(s): 8080 (http) with context path ''
2021-02-07 21:47:42.932 INFO [restartedMain] [pl.paweln.mjspringwebapp.DemoSpringWebAppApplication] [logStarted] [org.springframework.boot.StartupInfoLogger.logStarted(StartupInfoLogger.java:61)] - Started DemoSpringWebAppApplication in 18.157 seconds (JVM running for 25.508)
2021-02-07 21:47:46.777 INFO [http-nio-8080-exec-1] [org.springframework.web.servlet.DispatcherServlet] [initServletBean] [org.springframework.web.servlet.FrameworkServlet.initServletBean(FrameworkServlet.java:525)] - Initializing Servlet 'dispatcherServlet'
2021-02-07 21:47:46.781 INFO [http-nio-8080-exec-1] [org.springframework.web.servlet.DispatcherServlet] [initServletBean] [org.springframework.web.servlet.FrameworkServlet.initServletBean(FrameworkServlet.java:547)] - Completed initialization in 4 ms
2021-02-07 21:47:46.990 INFO [http-nio-8080-exec-1] [pl.paweln.mjspringwebapp.controllers.RecipeController] [getRecipes] [pl.paweln.mjspringwebapp.controllers.RecipeController.getRecipes(RecipeController.java:26)] - Returning recipes: 2
2021-02-07 21:49:40.615 INFO [restartedMain] [pl.paweln.mjspringwebapp.DemoSpringWebAppApplication] [logStarting] [org.springframework.boot.StartupInfoLogger.logStarting(StartupInfoLogger.java:55)] - Starting DemoSpringWebAppApplication using Java 11.0.9.1 on nbniedziela with PID 18328 (C:\Users\pawel\idea\mj-spring-web-app\mj-spring-web\target\classes started by pawel in C:\Users\pawel\idea\mj-spring-web-app)
2021-02-07 21:49:40.633 INFO [restartedMain] [pl.paweln.mjspringwebapp.DemoSpringWebAppApplication] [logStartupProfileInfo] [org.springframework.boot.SpringApplication.logStartupProfileInfo(SpringApplication.java:664)] - The following profiles are active: jpa
2021-02-07 21:49:40.737 INFO [restartedMain] [org.springframework.boot.devtools.env.DevToolsPropertyDefaultsPostProcessor] [logTo] [org.springframework.boot.logging.DeferredLog.logTo(DeferredLog.java:255)] - Devtools property defaults active! Set 'spring.devtools.add-properties' to 'false' to disable
2021-02-07 21:49:40.738 INFO [restartedMain] [org.springframework.boot.devtools.env.DevToolsPropertyDefaultsPostProcessor] [logTo] [org.springframework.boot.logging.DeferredLog.logTo(DeferredLog.java:255)] - For additional web related logging consider setting the 'logging.level.web' property to 'DEBUG'
2021-02-07 21:49:43.637 INFO [restartedMain] [org.springframework.data.repository.config.RepositoryConfigurationDelegate] [registerRepositoriesIn] [org.springframework.data.repository.config.RepositoryConfigurationDelegate.registerRepositoriesIn(RepositoryConfigurationDelegate.java:128)] - Bootstrapping Spring Data JPA repositories in DEFAULT mode.
2021-02-07 21:49:44.357 INFO [restartedMain] [org.springframework.data.repository.config.RepositoryConfigurationDelegate] [registerRepositoriesIn] [org.springframework.data.repository.config.RepositoryConfigurationDelegate.registerRepositoriesIn(RepositoryConfigurationDelegate.java:188)] - Finished Spring Data repository scanning in 705 ms. Found 6 JPA repository interfaces.
2021-02-07 21:49:46.254 INFO [restartedMain] [org.springframework.boot.web.embedded.tomcat.TomcatWebServer] [initialize] [org.springframework.boot.web.embedded.tomcat.TomcatWebServer.initialize(TomcatWebServer.java:108)] - Tomcat initialized with port(s): 8080 (http)
2021-02-07 21:49:47.315 INFO [restartedMain] [org.springframework.boot.web.servlet.context.ServletWebServerApplicationContext] [prepareWebApplicationContext] [org.springframework.boot.web.servlet.context.ServletWebServerApplicationContext.prepareWebApplicationContext(ServletWebServerApplicationContext.java:289)] - Root WebApplicationContext: initialization completed in 6568 ms
2021-02-07 21:49:47.573 INFO [restartedMain] [com.zaxxer.hikari.HikariDataSource] [getConnection] [com.zaxxer.hikari.HikariDataSource.getConnection(HikariDataSource.java:110)] - HikariPool-1 - Starting...
2021-02-07 21:49:47.951 INFO [restartedMain] [com.zaxxer.hikari.HikariDataSource] [getConnection] [com.zaxxer.hikari.HikariDataSource.getConnection(HikariDataSource.java:123)] - HikariPool-1 - Start completed.
2021-02-07 21:49:47.957 INFO [restartedMain] [org.springframework.boot.autoconfigure.h2.H2ConsoleAutoConfiguration] [lambda$h2Console$0] [org.springframework.boot.autoconfigure.h2.H2ConsoleAutoConfiguration.lambda$h2Console$0(H2ConsoleAutoConfiguration.java:68)] - H2 console available at '/h2-console'. Database available at 'jdbc:h2:mem:testdb'
2021-02-07 21:49:48.575 INFO [restartedMain] [org.hibernate.jpa.internal.util.LogHelper] [logPersistenceUnitInformation] [org.hibernate.jpa.internal.util.LogHelper.logPersistenceUnitInformation(LogHelper.java:31)] - HHH000204: Processing PersistenceUnitInfo [name: default]
2021-02-07 21:49:48.668 INFO [restartedMain] [org.hibernate.Version] [logVersion] [org.hibernate.Version.logVersion(Version.java:44)] - HHH000412: Hibernate ORM core version 5.4.25.Final
2021-02-07 21:49:48.950 INFO [restartedMain] [org.hibernate.annotations.common.Version] [<clinit>] [org.hibernate.annotations.common.reflection.java.JavaReflectionManager.<clinit>(JavaReflectionManager.java:56)] - HCANN000001: Hibernate Commons Annotations {5.1.2.Final}
2021-02-07 21:49:49.215 INFO [restartedMain] [org.hibernate.dialect.Dialect] [<init>] [org.hibernate.dialect.Dialect.<init>(Dialect.java:175)] - HHH000400: Using dialect: org.hibernate.dialect.H2Dialect
2021-02-07 21:49:50.724 INFO [restartedMain] [org.hibernate.engine.transaction.jta.platform.internal.JtaPlatformInitiator] [initiateService] [org.hibernate.engine.transaction.jta.platform.internal.JtaPlatformInitiator.initiateService(JtaPlatformInitiator.java:52)] - HHH000490: Using JtaPlatform implementation: [org.hibernate.engine.transaction.jta.platform.internal.NoJtaPlatform]
2021-02-07 21:49:50.728 INFO [restartedMain] [org.springframework.orm.jpa.LocalContainerEntityManagerFactoryBean] [buildNativeEntityManagerFactory] [org.springframework.orm.jpa.AbstractEntityManagerFactoryBean.buildNativeEntityManagerFactory(AbstractEntityManagerFactoryBean.java:437)] - Initialized JPA EntityManagerFactory for persistence unit 'default'
2021-02-07 21:49:50.770 INFO [restartedMain] [org.springframework.boot.devtools.autoconfigure.OptionalLiveReloadServer] [startServer] [org.springframework.boot.devtools.autoconfigure.OptionalLiveReloadServer.startServer(OptionalLiveReloadServer.java:58)] - LiveReload server is running on port 35729
2021-02-07 21:49:51.649 WARN [restartedMain] [org.springframework.boot.autoconfigure.orm.jpa.JpaBaseConfiguration$JpaWebConfiguration] [openEntityManagerInViewInterceptor] [org.springframework.boot.autoconfigure.orm.jpa.JpaBaseConfiguration$JpaWebConfiguration.openEntityManagerInViewInterceptor(JpaBaseConfiguration.java:221)] - spring.jpa.open-in-view is enabled by default. Therefore, database queries may be performed during view rendering. Explicitly configure spring.jpa.open-in-view to disable this warning
2021-02-07 21:49:51.838 INFO [restartedMain] [org.springframework.scheduling.concurrent.ThreadPoolTaskExecutor] [initialize] [org.springframework.scheduling.concurrent.ExecutorConfigurationSupport.initialize(ExecutorConfigurationSupport.java:181)] - Initializing ExecutorService 'applicationTaskExecutor'
2021-02-07 21:49:52.053 INFO [restartedMain] [org.springframework.boot.autoconfigure.web.servlet.WelcomePageHandlerMapping] [<init>] [org.springframework.boot.autoconfigure.web.servlet.WelcomePageHandlerMapping.<init>(WelcomePageHandlerMapping.java:58)] - Adding welcome page template: index
2021-02-07 21:49:55.490 INFO [restartedMain] [org.springframework.boot.actuate.endpoint.web.EndpointLinksResolver] [<init>] [org.springframework.boot.actuate.endpoint.web.EndpointLinksResolver.<init>(EndpointLinksResolver.java:58)] - Exposing 2 endpoint(s) beneath base path '/actuator'
2021-02-07 21:49:55.625 INFO [restartedMain] [org.springframework.boot.web.embedded.tomcat.TomcatWebServer] [start] [org.springframework.boot.web.embedded.tomcat.TomcatWebServer.start(TomcatWebServer.java:220)] - Tomcat started on port(s): 8080 (http) with context path ''
2021-02-07 21:49:56.024 INFO [restartedMain] [pl.paweln.mjspringwebapp.DemoSpringWebAppApplication] [logStarted] [org.springframework.boot.StartupInfoLogger.logStarted(StartupInfoLogger.java:61)] - Started DemoSpringWebAppApplication in 16.293 seconds (JVM running for 25.804)
2021-02-07 21:50:24.074 INFO [http-nio-8080-exec-1] [org.springframework.web.servlet.DispatcherServlet] [initServletBean] [org.springframework.web.servlet.FrameworkServlet.initServletBean(FrameworkServlet.java:525)] - Initializing Servlet 'dispatcherServlet'
2021-02-07 21:50:24.078 INFO [http-nio-8080-exec-1] [org.springframework.web.servlet.DispatcherServlet] [initServletBean] [org.springframework.web.servlet.FrameworkServlet.initServletBean(FrameworkServlet.java:547)] - Completed initialization in 0 ms
2021-02-07 21:50:24.247 INFO [http-nio-8080-exec-1] [pl.paweln.mjspringwebapp.controllers.RecipeController] [getRecipes] [pl.paweln.mjspringwebapp.controllers.RecipeController.getRecipes(RecipeController.java:26)] - Returning recipes: 2
2021-02-07 21:54:18.451 INFO [restartedMain] [pl.paweln.mjspringwebapp.DemoSpringWebAppApplication] [logStarting] [org.springframework.boot.StartupInfoLogger.logStarting(StartupInfoLogger.java:55)] - Starting DemoSpringWebAppApplication using Java 11.0.9.1 on nbniedziela with PID 6096 (C:\Users\pawel\idea\mj-spring-web-app\mj-spring-web\target\classes started by pawel in C:\Users\pawel\idea\mj-spring-web-app)
2021-02-07 21:54:18.465 INFO [restartedMain] [pl.paweln.mjspringwebapp.DemoSpringWebAppApplication] [logStartupProfileInfo] [org.springframework.boot.SpringApplication.logStartupProfileInfo(SpringApplication.java:664)] - The following profiles are active: jpa
2021-02-07 21:54:18.579 INFO [restartedMain] [org.springframework.boot.devtools.env.DevToolsPropertyDefaultsPostProcessor] [logTo] [org.springframework.boot.logging.DeferredLog.logTo(DeferredLog.java:255)] - Devtools property defaults active! Set 'spring.devtools.add-properties' to 'false' to disable
2021-02-07 21:54:18.580 INFO [restartedMain] [org.springframework.boot.devtools.env.DevToolsPropertyDefaultsPostProcessor] [logTo] [org.springframework.boot.logging.DeferredLog.logTo(DeferredLog.java:255)] - For additional web related logging consider setting the 'logging.level.web' property to 'DEBUG'
2021-02-07 21:54:21.278 INFO [restartedMain] [org.springframework.data.repository.config.RepositoryConfigurationDelegate] [registerRepositoriesIn] [org.springframework.data.repository.config.RepositoryConfigurationDelegate.registerRepositoriesIn(RepositoryConfigurationDelegate.java:128)] - Bootstrapping Spring Data JPA repositories in DEFAULT mode.
2021-02-07 21:54:22.013 INFO [restartedMain] [org.springframework.data.repository.config.RepositoryConfigurationDelegate] [registerRepositoriesIn] [org.springframework.data.repository.config.RepositoryConfigurationDelegate.registerRepositoriesIn(RepositoryConfigurationDelegate.java:188)] - Finished Spring Data repository scanning in 717 ms. Found 6 JPA repository interfaces.
2021-02-07 21:54:23.847 INFO [restartedMain] [org.springframework.boot.web.embedded.tomcat.TomcatWebServer] [initialize] [org.springframework.boot.web.embedded.tomcat.TomcatWebServer.initialize(TomcatWebServer.java:108)] - Tomcat initialized with port(s): 8080 (http)
2021-02-07 21:54:24.906 INFO [restartedMain] [org.springframework.boot.web.servlet.context.ServletWebServerApplicationContext] [prepareWebApplicationContext] [org.springframework.boot.web.servlet.context.ServletWebServerApplicationContext.prepareWebApplicationContext(ServletWebServerApplicationContext.java:289)] - Root WebApplicationContext: initialization completed in 6323 ms
2021-02-07 21:54:25.142 INFO [restartedMain] [com.zaxxer.hikari.HikariDataSource] [getConnection] [com.zaxxer.hikari.HikariDataSource.getConnection(HikariDataSource.java:110)] - HikariPool-1 - Starting...
2021-02-07 21:54:25.543 INFO [restartedMain] [com.zaxxer.hikari.HikariDataSource] [getConnection] [com.zaxxer.hikari.HikariDataSource.getConnection(HikariDataSource.java:123)] - HikariPool-1 - Start completed.
2021-02-07 21:54:25.550 INFO [restartedMain] [org.springframework.boot.autoconfigure.h2.H2ConsoleAutoConfiguration] [lambda$h2Console$0] [org.springframework.boot.autoconfigure.h2.H2ConsoleAutoConfiguration.lambda$h2Console$0(H2ConsoleAutoConfiguration.java:68)] - H2 console available at '/h2-console'. Database available at 'jdbc:h2:mem:testdb'
2021-02-07 21:54:26.141 INFO [restartedMain] [org.hibernate.jpa.internal.util.LogHelper] [logPersistenceUnitInformation] [org.hibernate.jpa.internal.util.LogHelper.logPersistenceUnitInformation(LogHelper.java:31)] - HHH000204: Processing PersistenceUnitInfo [name: default]
2021-02-07 21:54:26.296 INFO [restartedMain] [org.hibernate.Version] [logVersion] [org.hibernate.Version.logVersion(Version.java:44)] - HHH000412: Hibernate ORM core version 5.4.25.Final
2021-02-07 21:54:26.683 INFO [restartedMain] [org.hibernate.annotations.common.Version] [<clinit>] [org.hibernate.annotations.common.reflection.java.JavaReflectionManager.<clinit>(JavaReflectionManager.java:56)] - HCANN000001: Hibernate Commons Annotations {5.1.2.Final}
2021-02-07 21:54:26.974 INFO [restartedMain] [org.hibernate.dialect.Dialect] [<init>] [org.hibernate.dialect.Dialect.<init>(Dialect.java:175)] - HHH000400: Using dialect: org.hibernate.dialect.H2Dialect
2021-02-07 21:54:28.449 INFO [restartedMain] [org.hibernate.engine.transaction.jta.platform.internal.JtaPlatformInitiator] [initiateService] [org.hibernate.engine.transaction.jta.platform.internal.JtaPlatformInitiator.initiateService(JtaPlatformInitiator.java:52)] - HHH000490: Using JtaPlatform implementation: [org.hibernate.engine.transaction.jta.platform.internal.NoJtaPlatform]
2021-02-07 21:54:28.462 INFO [restartedMain] [org.springframework.orm.jpa.LocalContainerEntityManagerFactoryBean] [buildNativeEntityManagerFactory] [org.springframework.orm.jpa.AbstractEntityManagerFactoryBean.buildNativeEntityManagerFactory(AbstractEntityManagerFactoryBean.java:437)] - Initialized JPA EntityManagerFactory for persistence unit 'default'
2021-02-07 21:54:28.499 INFO [restartedMain] [org.springframework.boot.devtools.autoconfigure.OptionalLiveReloadServer] [startServer] [org.springframework.boot.devtools.autoconfigure.OptionalLiveReloadServer.startServer(OptionalLiveReloadServer.java:58)] - LiveReload server is running on port 35729
2021-02-07 21:54:29.294 WARN [restartedMain] [org.springframework.boot.autoconfigure.orm.jpa.JpaBaseConfiguration$JpaWebConfiguration] [openEntityManagerInViewInterceptor] [org.springframework.boot.autoconfigure.orm.jpa.JpaBaseConfiguration$JpaWebConfiguration.openEntityManagerInViewInterceptor(JpaBaseConfiguration.java:221)] - spring.jpa.open-in-view is enabled by default. Therefore, database queries may be performed during view rendering. Explicitly configure spring.jpa.open-in-view to disable this warning
2021-02-07 21:54:29.486 INFO [restartedMain] [org.springframework.scheduling.concurrent.ThreadPoolTaskExecutor] [initialize] [org.springframework.scheduling.concurrent.ExecutorConfigurationSupport.initialize(ExecutorConfigurationSupport.java:181)] - Initializing ExecutorService 'applicationTaskExecutor'
2021-02-07 21:54:29.670 INFO [restartedMain] [org.springframework.boot.autoconfigure.web.servlet.WelcomePageHandlerMapping] [<init>] [org.springframework.boot.autoconfigure.web.servlet.WelcomePageHandlerMapping.<init>(WelcomePageHandlerMapping.java:58)] - Adding welcome page template: index
2021-02-07 21:54:33.001 INFO [restartedMain] [org.springframework.boot.actuate.endpoint.web.EndpointLinksResolver] [<init>] [org.springframework.boot.actuate.endpoint.web.EndpointLinksResolver.<init>(EndpointLinksResolver.java:58)] - Exposing 2 endpoint(s) beneath base path '/actuator'
2021-02-07 21:54:33.124 INFO [restartedMain] [org.springframework.boot.web.embedded.tomcat.TomcatWebServer] [start] [org.springframework.boot.web.embedded.tomcat.TomcatWebServer.start(TomcatWebServer.java:220)] - Tomcat started on port(s): 8080 (http) with context path ''
2021-02-07 21:54:33.552 INFO [restartedMain] [pl.paweln.mjspringwebapp.DemoSpringWebAppApplication] [logStarted] [org.springframework.boot.StartupInfoLogger.logStarted(StartupInfoLogger.java:61)] - Started DemoSpringWebAppApplication in 15.815 seconds (JVM running for 22.601)
2021-02-07 21:56:41.266 INFO [http-nio-8080-exec-1] [org.springframework.web.servlet.DispatcherServlet] [initServletBean] [org.springframework.web.servlet.FrameworkServlet.initServletBean(FrameworkServlet.java:525)] - Initializing Servlet 'dispatcherServlet'
2021-02-07 21:56:41.274 INFO [http-nio-8080-exec-1] [org.springframework.web.servlet.DispatcherServlet] [initServletBean] [org.springframework.web.servlet.FrameworkServlet.initServletBean(FrameworkServlet.java:547)] - Completed initialization in 8 ms
2021-02-07 21:56:41.475 INFO [http-nio-8080-exec-1] [pl.paweln.mjspringwebapp.controllers.RecipeController] [getRecipes] [pl.paweln.mjspringwebapp.controllers.RecipeController.getRecipes(RecipeController.java:26)] - Returning recipes: 2
2021-02-07 21:59:48.397 INFO [http-nio-8080-exec-10] [pl.paweln.mjspringwebapp.controllers.RecipeController] [getRecipes] [pl.paweln.mjspringwebapp.controllers.RecipeController.getRecipes(RecipeController.java:26)] - Returning recipes: 2
2021-02-07 22:00:37.532 INFO [restartedMain] [pl.paweln.mjspringwebapp.DemoSpringWebAppApplication] [logStarting] [org.springframework.boot.StartupInfoLogger.logStarting(StartupInfoLogger.java:55)] - Starting DemoSpringWebAppApplication using Java 11.0.9.1 on nbniedziela with PID 15324 (C:\Users\pawel\idea\mj-spring-web-app\mj-spring-web\target\classes started by pawel in C:\Users\pawel\idea\mj-spring-web-app)
2021-02-07 22:00:37.559 INFO [restartedMain] [pl.paweln.mjspringwebapp.DemoSpringWebAppApplication] [logStartupProfileInfo] [org.springframework.boot.SpringApplication.logStartupProfileInfo(SpringApplication.java:664)] - The following profiles are active: jpa
2021-02-07 22:00:37.765 INFO [restartedMain] [org.springframework.boot.devtools.env.DevToolsPropertyDefaultsPostProcessor] [logTo] [org.springframework.boot.logging.DeferredLog.logTo(DeferredLog.java:255)] - Devtools property defaults active! Set 'spring.devtools.add-properties' to 'false' to disable
2021-02-07 22:00:37.766 INFO [restartedMain] [org.springframework.boot.devtools.env.DevToolsPropertyDefaultsPostProcessor] [logTo] [org.springframework.boot.logging.DeferredLog.logTo(DeferredLog.java:255)] - For additional web related logging consider setting the 'logging.level.web' property to 'DEBUG'
2021-02-07 22:00:42.609 INFO [restartedMain] [org.springframework.data.repository.config.RepositoryConfigurationDelegate] [registerRepositoriesIn] [org.springframework.data.repository.config.RepositoryConfigurationDelegate.registerRepositoriesIn(RepositoryConfigurationDelegate.java:128)] - Bootstrapping Spring Data JPA repositories in DEFAULT mode.
2021-02-07 22:00:43.574 INFO [restartedMain] [org.springframework.data.repository.config.RepositoryConfigurationDelegate] [registerRepositoriesIn] [org.springframework.data.repository.config.RepositoryConfigurationDelegate.registerRepositoriesIn(RepositoryConfigurationDelegate.java:188)] - Finished Spring Data repository scanning in 948 ms. Found 6 JPA repository interfaces.
2021-02-07 22:00:46.643 INFO [restartedMain] [org.springframework.boot.web.embedded.tomcat.TomcatWebServer] [initialize] [org.springframework.boot.web.embedded.tomcat.TomcatWebServer.initialize(TomcatWebServer.java:108)] - Tomcat initialized with port(s): 8080 (http)
2021-02-07 22:00:48.101 INFO [restartedMain] [org.springframework.boot.web.servlet.context.ServletWebServerApplicationContext] [prepareWebApplicationContext] [org.springframework.boot.web.servlet.context.ServletWebServerApplicationContext.prepareWebApplicationContext(ServletWebServerApplicationContext.java:289)] - Root WebApplicationContext: initialization completed in 10334 ms
2021-02-07 22:00:48.496 INFO [restartedMain] [com.zaxxer.hikari.HikariDataSource] [getConnection] [com.zaxxer.hikari.HikariDataSource.getConnection(HikariDataSource.java:110)] - HikariPool-1 - Starting...
2021-02-07 22:00:49.198 INFO [restartedMain] [com.zaxxer.hikari.HikariDataSource] [getConnection] [com.zaxxer.hikari.HikariDataSource.getConnection(HikariDataSource.java:123)] - HikariPool-1 - Start completed.
2021-02-07 22:00:49.219 INFO [restartedMain] [org.springframework.boot.autoconfigure.h2.H2ConsoleAutoConfiguration] [lambda$h2Console$0] [org.springframework.boot.autoconfigure.h2.H2ConsoleAutoConfiguration.lambda$h2Console$0(H2ConsoleAutoConfiguration.java:68)] - H2 console available at '/h2-console'. Database available at 'jdbc:h2:mem:testdb'
2021-02-07 22:00:50.240 INFO [restartedMain] [org.hibernate.jpa.internal.util.LogHelper] [logPersistenceUnitInformation] [org.hibernate.jpa.internal.util.LogHelper.logPersistenceUnitInformation(LogHelper.java:31)] - HHH000204: Processing PersistenceUnitInfo [name: default]
2021-02-07 22:00:50.432 INFO [restartedMain] [org.hibernate.Version] [logVersion] [org.hibernate.Version.logVersion(Version.java:44)] - HHH000412: Hibernate ORM core version 5.4.25.Final
2021-02-07 22:00:50.974 INFO [restartedMain] [org.hibernate.annotations.common.Version] [<clinit>] [org.hibernate.annotations.common.reflection.java.JavaReflectionManager.<clinit>(JavaReflectionManager.java:56)] - HCANN000001: Hibernate Commons Annotations {5.1.2.Final}
2021-02-07 22:00:51.471 INFO [restartedMain] [org.hibernate.dialect.Dialect] [<init>] [org.hibernate.dialect.Dialect.<init>(Dialect.java:175)] - HHH000400: Using dialect: org.hibernate.dialect.H2Dialect
2021-02-07 22:00:54.031 INFO [restartedMain] [org.hibernate.engine.transaction.jta.platform.internal.JtaPlatformInitiator] [initiateService] [org.hibernate.engine.transaction.jta.platform.internal.JtaPlatformInitiator.initiateService(JtaPlatformInitiator.java:52)] - HHH000490: Using JtaPlatform implementation: [org.hibernate.engine.transaction.jta.platform.internal.NoJtaPlatform]
2021-02-07 22:00:54.056 INFO [restartedMain] [org.springframework.orm.jpa.LocalContainerEntityManagerFactoryBean] [buildNativeEntityManagerFactory] [org.springframework.orm.jpa.AbstractEntityManagerFactoryBean.buildNativeEntityManagerFactory(AbstractEntityManagerFactoryBean.java:437)] - Initialized JPA EntityManagerFactory for persistence unit 'default'
2021-02-07 22:00:54.138 INFO [restartedMain] [org.springframework.boot.devtools.autoconfigure.OptionalLiveReloadServer] [startServer] [org.springframework.boot.devtools.autoconfigure.OptionalLiveReloadServer.startServer(OptionalLiveReloadServer.java:58)] - LiveReload server is running on port 35729
2021-02-07 22:00:55.573 WARN [restartedMain] [org.springframework.boot.autoconfigure.orm.jpa.JpaBaseConfiguration$JpaWebConfiguration] [openEntityManagerInViewInterceptor] [org.springframework.boot.autoconfigure.orm.jpa.JpaBaseConfiguration$JpaWebConfiguration.openEntityManagerInViewInterceptor(JpaBaseConfiguration.java:221)] - spring.jpa.open-in-view is enabled by default. Therefore, database queries may be performed during view rendering. Explicitly configure spring.jpa.open-in-view to disable this warning
2021-02-07 22:00:55.892 INFO [restartedMain] [org.springframework.scheduling.concurrent.ThreadPoolTaskExecutor] [initialize] [org.springframework.scheduling.concurrent.ExecutorConfigurationSupport.initialize(ExecutorConfigurationSupport.java:181)] - Initializing ExecutorService 'applicationTaskExecutor'
2021-02-07 22:00:56.202 INFO [restartedMain] [org.springframework.boot.autoconfigure.web.servlet.WelcomePageHandlerMapping] [<init>] [org.springframework.boot.autoconfigure.web.servlet.WelcomePageHandlerMapping.<init>(WelcomePageHandlerMapping.java:58)] - Adding welcome page template: index
2021-02-07 22:01:00.951 INFO [restartedMain] [org.springframework.boot.actuate.endpoint.web.EndpointLinksResolver] [<init>] [org.springframework.boot.actuate.endpoint.web.EndpointLinksResolver.<init>(EndpointLinksResolver.java:58)] - Exposing 2 endpoint(s) beneath base path '/actuator'
2021-02-07 22:01:01.122 INFO [restartedMain] [org.springframework.boot.web.embedded.tomcat.TomcatWebServer] [start] [org.springframework.boot.web.embedded.tomcat.TomcatWebServer.start(TomcatWebServer.java:220)] - Tomcat started on port(s): 8080 (http) with context path ''
2021-02-07 22:01:01.973 INFO [restartedMain] [pl.paweln.mjspringwebapp.DemoSpringWebAppApplication] [logStarted] [org.springframework.boot.StartupInfoLogger.logStarted(StartupInfoLogger.java:61)] - Started DemoSpringWebAppApplication in 25.379 seconds (JVM running for 34.104)
